---------------------------------------------------------------
[ 2018-04-30T09:45:41+08:00 ] 122.114.61.97 118.116.119.162 GET /api/index.php/wxapp/Public/login/?code=021dhKRP0afUqb2VibQP0UgGRP0dhKRF&state=http%3A%2F%2Fwx.ccapp.com.cn%2Fuser%2Findex%2Fwaiterloginview.html
[ info ] wx.ccapp.com.cn/api/index.php/wxapp/Public/login/?code=021dhKRP0afUqb2VibQP0UgGRP0dhKRF&state=http%3A%2F%2Fwx.ccapp.com.cn%2Fuser%2Findex%2Fwaiterloginview.html [运行时间：0.781250s][吞吐率：1.28req/s] [内存消耗：1,957.25kb] [文件加载：54]
[ info ] [ DB ] INIT mysql
[ info ] [ BEHAVIOR ] Run cmf\behavior\InitHookBehavior @app_init [ RunTime:0.031250s ]
[ info ] [ LANG ] D:\wwwroot\wx_cwyx\wwwroot\simplewind\thinkphp\lang\zh-cn.php
[ info ] [ ROUTE ] array (
  'type' => 'module',
  'module' => 
  array (
    0 => 'wxapp',
    1 => 'Public',
    2 => 'login',
  ),
)
[ info ] [ HEADER ] array (
  'connection' => 'close',
  'accept-encoding' => 'gzip, deflate',
  'accept-language' => 'zh-cn',
  'user-agent' => 'Mozilla/5.0 (iPhone; CPU iPhone OS 11_2_5 like Mac OS X) AppleWebKit/604.5.6 (KHTML, like Gecko) Mobile/15D60 MicroMessenger/6.6.6 NetType/WIFI Language/zh_CN',
  'cookie' => 'PHPSESSID=g0st7hjtol1fflmp73u3c02od2; yunsuo_leech_key=74; yunsuo_session_verify=7d1c316a02661b96d91efdada8e23f41; BDTUJIAID=f3456a8da97798676fb70b65baabc3ba',
  'upgrade-insecure-requests' => '1',
  'accept' => 'text/html,application/xhtml+xml,application/xml;q=0.9,*/*;q=0.8',
  'host' => 'wx.ccapp.com.cn',
)
[ info ] [ PARAM ] array (
  'code' => '021dhKRP0afUqb2VibQP0UgGRP0dhKRF',
  'state' => 'http://wx.ccapp.com.cn/user/index/waiterloginview.html',
)
[ info ] [ LANG ] D:\wwwroot\wx_cwyx\wwwroot\public\api/../../simplewind/cmf/lang\zh-cn.php
[ info ] [ BEHAVIOR ] Run cmf\behavior\LangBehavior @app_begin [ RunTime:0.015625s ]
[ info ] [ RUN ] api\wxapp\controller\PublicController->login[ D:\wwwroot\wx_cwyx\wwwroot\api\wxapp\controller\PublicController.php ]
[ info ] [ SESSION ] INIT array (
  'id' => '',
  'var_session_id' => '',
  'prefix' => 'think',
  'type' => '',
  'auto_start' => true,
)
[ info ] [ LOG ] INIT File
[ sql ] [ DB ] CONNECT:[ UseTime:0.015625s ] mysql:dbname=xjyapplet;host=127.0.0.1;port=3306;charset=utf8
[ sql ] [ SQL ] SHOW COLUMNS FROM `xjy_hook_plugin` [ RunTime:0.000000s ]
[ sql ] [ SQL ] SELECT `hook`,`plugin` FROM `xjy_hook_plugin` WHERE  `status` = 1 ORDER BY list_order ASC [ RunTime:0.000000s ]
[ sql ] [ SQL ] SHOW COLUMNS FROM `xjy_third_party_user` [ RunTime:0.015625s ]
[ sql ] [ SQL ] SELECT * FROM `xjy_third_party_user` WHERE  `openid` = 'oGxoe1VxD1CQbWK5UrSM0HHlUu4k'  AND `app_id` = 'wx4612824b7c9f43b5' LIMIT 1 [ RunTime:0.000000s ]
[ sql ] [ SQL ] SHOW COLUMNS FROM `xjy_user` [ RunTime:0.000000s ]
[ sql ] [ SQL ] SELECT * FROM `xjy_user` WHERE  `id` = 20 LIMIT 1 [ RunTime:0.000000s ]
[ sql ] [ SQL ] SHOW COLUMNS FROM `xjy_user_token` [ RunTime:0.015625s ]
[ sql ] [ SQL ] SELECT * FROM `xjy_user_token` WHERE  `user_id` = 20  AND `device_type` = 'wxapp' LIMIT 1 [ RunTime:0.000000s ]
[ sql ] [ SQL ] UPDATE `xjy_user_token`  SET `token`='5be1110d6625eea5d19287bc7b2b29ae5be1110d6625eea5d19287bc7b2b29ae',`expire_time`=1540604741,`create_time`=1525052741  WHERE  `user_id` = 20  AND `device_type` = 'wxapp' [ RunTime:0.031250s ]
[ sql ] [ SQL ] UPDATE `xjy_third_party_user`  SET `last_login_ip`='118.116.119.162',`last_login_time`=1525052741,`login_times`=login_times+1,`more`='{\"gender\":1,\"nickName\":\"\\u9ece\\u6d69\",\"avatarUrl\":\"http:\\/\\/thirdwx.qlogo.cn\\/mmopen\\/vi_32\\/Q0j4TwGTfTJVVBpDhvNsU3eJ8ynXzhlalc5icSYcJ3dsePDXb3MnvUIaAG8HyMXsycUoQCZND4zD8tO0vY3p7Tw\\/132\",\"user_address\":\"\\u56db\\u5ddd\\u6210\\u90fd\",\"union_id\":\"\\u5fae\\u4fe1\\u5e73\\u53f0\"}'  WHERE  `openid` = 'oGxoe1VxD1CQbWK5UrSM0HHlUu4k'  AND `app_id` = 'wx4612824b7c9f43b5' [ RunTime:0.015625s ]
