---------------------------------------------------------------
[ 2018-05-04T12:05:54+08:00 ] 122.114.61.97 182.138.218.123 GET /api/index.php/wxapp/Public/login/?code=081maSvW1NR9qT0U8vxW1rn9wW1maSvs&state=http%3A%2F%2Fwx.ccapp.com.cn%2Fuser%2Findex%2Fwaiterloginview.html
[ info ] wx.ccapp.com.cn/api/index.php/wxapp/Public/login/?code=081maSvW1NR9qT0U8vxW1rn9wW1maSvs&state=http%3A%2F%2Fwx.ccapp.com.cn%2Fuser%2Findex%2Fwaiterloginview.html [运行时间：2.145508s][吞吐率：0.47req/s] [内存消耗：1,957.90kb] [文件加载：54]
[ info ] [ DB ] INIT mysql
[ info ] [ BEHAVIOR ] Run cmf\behavior\InitHookBehavior @app_init [ RunTime:0.032227s ]
[ info ] [ LANG ] D:\wwwroot\wx_cwyx\wwwroot\simplewind\thinkphp\lang\zh-cn.php
[ info ] [ ROUTE ] array (
  'type' => 'module',
  'module' => 
  array (
    0 => 'wxapp',
    1 => 'Public',
    2 => 'login',
  ),
)
[ info ] [ HEADER ] array (
  'x-requested-with' => 'com.tencent.mm',
  'cookie' => 'PHPSESSID=requ59qj9vbrccpad4brb6cnv3; yunsuo_session_verify=76714ceb1ea8ef9115d9dbeea406502c; yunsuo_leech_key=123',
  'accept-language' => 'zh-CN,en-US;q=0.9',
  'accept-encoding' => 'gzip, deflate',
  'accept' => 'text/html,application/xhtml+xml,application/xml;q=0.9,image/webp,image/apng,*/*;q=0.8',
  'upgrade-insecure-requests' => '1',
  'user-agent' => 'Mozilla/5.0 (Linux; Android 8.0.0; FIG-AL00 Build/HUAWEIFIG-AL00; wv) AppleWebKit/537.36 (KHTML, like Gecko) Version/4.0 Chrome/63.0.3239.111 Mobile Safari/537.36 MicroMessenger/6.6.6.1300(0x26060636) NetType/WIFI Language/zh_CN',
  'connection' => 'close',
  'host' => 'wx.ccapp.com.cn',
)
[ info ] [ PARAM ] array (
  'code' => '081maSvW1NR9qT0U8vxW1rn9wW1maSvs',
  'state' => 'http://wx.ccapp.com.cn/user/index/waiterloginview.html',
)
[ info ] [ LANG ] D:\wwwroot\wx_cwyx\wwwroot\public\api/../../simplewind/cmf/lang\zh-cn.php
[ info ] [ BEHAVIOR ] Run cmf\behavior\LangBehavior @app_begin [ RunTime:0.001953s ]
[ info ] [ RUN ] api\wxapp\controller\PublicController->login[ D:\wwwroot\wx_cwyx\wwwroot\api\wxapp\controller\PublicController.php ]
[ info ] [ SESSION ] INIT array (
  'id' => '',
  'var_session_id' => '',
  'prefix' => 'think',
  'type' => '',
  'auto_start' => true,
)
[ info ] [ LOG ] INIT File
[ sql ] [ DB ] CONNECT:[ UseTime:0.010742s ] mysql:dbname=xjyapplet;host=127.0.0.1;port=3306;charset=utf8
[ sql ] [ SQL ] SHOW COLUMNS FROM `xjy_hook_plugin` [ RunTime:0.008789s ]
[ sql ] [ SQL ] SELECT `hook`,`plugin` FROM `xjy_hook_plugin` WHERE  `status` = 1 ORDER BY list_order ASC [ RunTime:0.000977s ]
[ sql ] [ SQL ] SHOW COLUMNS FROM `xjy_third_party_user` [ RunTime:0.007813s ]
[ sql ] [ SQL ] SELECT * FROM `xjy_third_party_user` WHERE  `openid` = 'oGxoe1Z-ZFB-zeanSTT8U-BOKreQ'  AND `app_id` = 'wx4612824b7c9f43b5' LIMIT 1 [ RunTime:0.001953s ]
[ sql ] [ SQL ] SHOW COLUMNS FROM `xjy_user` [ RunTime:0.012695s ]
[ sql ] [ SQL ] SELECT * FROM `xjy_user` WHERE  `id` = 23 LIMIT 1 [ RunTime:0.000976s ]
[ sql ] [ SQL ] SHOW COLUMNS FROM `xjy_user_token` [ RunTime:0.011719s ]
[ sql ] [ SQL ] SELECT * FROM `xjy_user_token` WHERE  `user_id` = 23  AND `device_type` = 'wxapp' LIMIT 1 [ RunTime:0.000976s ]
[ sql ] [ SQL ] UPDATE `xjy_user_token`  SET `token`='092a06b55f75d64fe83aeb455379d6a6092a06b55f75d64fe83aeb455379d6a6',`expire_time`=1540958754,`create_time`=1525406754  WHERE  `user_id` = 23  AND `device_type` = 'wxapp' [ RunTime:0.247070s ]
[ sql ] [ SQL ] UPDATE `xjy_third_party_user`  SET `last_login_ip`='182.138.218.123',`last_login_time`=1525406754,`login_times`=login_times+1,`more`='{\"gender\":1,\"nickName\":\"\\u54c1\\u5473\\u4e2d\\u56fd\",\"avatarUrl\":\"http:\\/\\/thirdwx.qlogo.cn\\/mmopen\\/vi_32\\/R9hiag9MqTHZdooQcRfolOFHWjbQDniaj3bAZFiaJg0LxrAXiaXOOp70eFbxTH3XAkJia5gibLu7584mo5hicDWZ9TTlg\\/132\",\"user_address\":\"\",\"union_id\":\"\\u5fae\\u4fe1\\u5e73\\u53f0\"}'  WHERE  `openid` = 'oGxoe1Z-ZFB-zeanSTT8U-BOKreQ'  AND `app_id` = 'wx4612824b7c9f43b5' [ RunTime:0.009765s ]
---------------------------------------------------------------
[ 2018-05-04T12:12:44+08:00 ] 122.114.61.97 182.138.218.123 GET /api/index.php/wxapp/Public/login/?code=081Otgqk03T2gn17QRnk0jRsqk0Otgq0&state=http%3A%2F%2Fwx.ccapp.com.cn%2Fuser%2Findex%2Fwaiterloginview.html
[ info ] wx.ccapp.com.cn/api/index.php/wxapp/Public/login/?code=081Otgqk03T2gn17QRnk0jRsqk0Otgq0&state=http%3A%2F%2Fwx.ccapp.com.cn%2Fuser%2Findex%2Fwaiterloginview.html [运行时间：0.822266s][吞吐率：1.22req/s] [内存消耗：1,957.59kb] [文件加载：54]
[ info ] [ DB ] INIT mysql
[ info ] [ BEHAVIOR ] Run cmf\behavior\InitHookBehavior @app_init [ RunTime:0.036133s ]
[ info ] [ LANG ] D:\wwwroot\wx_cwyx\wwwroot\simplewind\thinkphp\lang\zh-cn.php
[ info ] [ ROUTE ] array (
  'type' => 'module',
  'module' => 
  array (
    0 => 'wxapp',
    1 => 'Public',
    2 => 'login',
  ),
)
[ info ] [ HEADER ] array (
  'connection' => 'close',
  'accept-encoding' => 'gzip, deflate',
  'accept-language' => 'zh-cn',
  'user-agent' => 'Mozilla/5.0 (iPhone; CPU iPhone OS 11_3 like Mac OS X) AppleWebKit/605.1.15 (KHTML, like Gecko) Mobile/15E216 MicroMessenger/6.6.6 NetType/WIFI Language/zh_CN',
  'cookie' => 'PHPSESSID=tbv2p3jdia5ckup93tjr5rh9c3; yunsuo_leech_key=123; yunsuo_session_verify=76714ceb1ea8ef9115d9dbeea406502c; Hm_lvt_6cdf3f56c973e5883f94aca4192567f4=1524153629; Hm_lvt_f992f1ff6a03cc9681f84b59278ec71b=1524153629',
  'upgrade-insecure-requests' => '1',
  'accept' => 'text/html,application/xhtml+xml,application/xml;q=0.9,*/*;q=0.8',
  'host' => 'wx.ccapp.com.cn',
)
[ info ] [ PARAM ] array (
  'code' => '081Otgqk03T2gn17QRnk0jRsqk0Otgq0',
  'state' => 'http://wx.ccapp.com.cn/user/index/waiterloginview.html',
)
[ info ] [ LANG ] D:\wwwroot\wx_cwyx\wwwroot\public\api/../../simplewind/cmf/lang\zh-cn.php
[ info ] [ BEHAVIOR ] Run cmf\behavior\LangBehavior @app_begin [ RunTime:0.001953s ]
[ info ] [ RUN ] api\wxapp\controller\PublicController->login[ D:\wwwroot\wx_cwyx\wwwroot\api\wxapp\controller\PublicController.php ]
[ info ] [ SESSION ] INIT array (
  'id' => '',
  'var_session_id' => '',
  'prefix' => 'think',
  'type' => '',
  'auto_start' => true,
)
[ info ] [ LOG ] INIT File
[ sql ] [ DB ] CONNECT:[ UseTime:0.011719s ] mysql:dbname=xjyapplet;host=127.0.0.1;port=3306;charset=utf8
[ sql ] [ SQL ] SHOW COLUMNS FROM `xjy_hook_plugin` [ RunTime:0.011718s ]
[ sql ] [ SQL ] SELECT `hook`,`plugin` FROM `xjy_hook_plugin` WHERE  `status` = 1 ORDER BY list_order ASC [ RunTime:0.000977s ]
[ sql ] [ SQL ] SHOW COLUMNS FROM `xjy_third_party_user` [ RunTime:0.008789s ]
[ sql ] [ SQL ] SELECT * FROM `xjy_third_party_user` WHERE  `openid` = 'oGxoe1Sc-eO2WLhPD1Sbe2NoQch8'  AND `app_id` = 'wx4612824b7c9f43b5' LIMIT 1 [ RunTime:0.000976s ]
[ sql ] [ SQL ] SHOW COLUMNS FROM `xjy_user` [ RunTime:0.012695s ]
[ sql ] [ SQL ] SELECT * FROM `xjy_user` WHERE  `id` = 22 LIMIT 1 [ RunTime:0.000976s ]
[ sql ] [ SQL ] SHOW COLUMNS FROM `xjy_user_token` [ RunTime:0.012695s ]
[ sql ] [ SQL ] SELECT * FROM `xjy_user_token` WHERE  `user_id` = 22  AND `device_type` = 'wxapp' LIMIT 1 [ RunTime:0.000000s ]
[ sql ] [ SQL ] UPDATE `xjy_user_token`  SET `token`='a208d1e4f0d01fbaf2bb5b12cd4e685da208d1e4f0d01fbaf2bb5b12cd4e685d',`expire_time`=1540959164,`create_time`=1525407164  WHERE  `user_id` = 22  AND `device_type` = 'wxapp' [ RunTime:0.009766s ]
[ sql ] [ SQL ] UPDATE `xjy_third_party_user`  SET `last_login_ip`='182.138.218.123',`last_login_time`=1525407164,`login_times`=login_times+1,`more`='{\"gender\":1,\"nickName\":\"Hosni\",\"avatarUrl\":\"http:\\/\\/thirdwx.qlogo.cn\\/mmopen\\/vi_32\\/6OlFfArInlmYpyW4B0jX0zvfCKuIyZQbhBB6iaLsxxFibafzic5xyibDITibJicy1K6b8m34eNXMd1BY2ODWQJicCickiag\\/132\",\"user_address\":\"\\u56db\\u5ddd\\u6210\\u90fd\",\"union_id\":\"\\u5fae\\u4fe1\\u5e73\\u53f0\"}'  WHERE  `openid` = 'oGxoe1Sc-eO2WLhPD1Sbe2NoQch8'  AND `app_id` = 'wx4612824b7c9f43b5' [ RunTime:0.108398s ]
---------------------------------------------------------------
[ 2018-05-04T23:04:00+08:00 ] 122.114.61.97 171.210.250.121 GET /api/index.php/wxapp/Public/login/?code=011sYt3Q1Vip491zkH6Q11Eu3Q1sYt3T&state=http%3A%2F%2Fwx.ccapp.com.cn%2Fuser%2Findex%2Fwaiterloginview.html
[ info ] wx.ccapp.com.cn/api/index.php/wxapp/Public/login/?code=011sYt3Q1Vip491zkH6Q11Eu3Q1sYt3T&state=http%3A%2F%2Fwx.ccapp.com.cn%2Fuser%2Findex%2Fwaiterloginview.html [运行时间：1.033203s][吞吐率：0.97req/s] [内存消耗：1,957.59kb] [文件加载：54]
[ info ] [ DB ] INIT mysql
[ info ] [ BEHAVIOR ] Run cmf\behavior\InitHookBehavior @app_init [ RunTime:0.034179s ]
[ info ] [ LANG ] D:\wwwroot\wx_cwyx\wwwroot\simplewind\thinkphp\lang\zh-cn.php
[ info ] [ ROUTE ] array (
  'type' => 'module',
  'module' => 
  array (
    0 => 'wxapp',
    1 => 'Public',
    2 => 'login',
  ),
)
[ info ] [ HEADER ] array (
  'connection' => 'close',
  'accept-encoding' => 'gzip, deflate',
  'accept-language' => 'zh-cn',
  'user-agent' => 'Mozilla/5.0 (iPhone; CPU iPhone OS 11_3 like Mac OS X) AppleWebKit/605.1.15 (KHTML, like Gecko) Mobile/15E216 MicroMessenger/6.6.6 NetType/4G Language/zh_CN',
  'cookie' => 'yunsuo_leech_key=82; yunsuo_session_verify=342fd780e798ca994c7a366efbe9547a; PHPSESSID=tbv2p3jdia5ckup93tjr5rh9c3; Hm_lvt_6cdf3f56c973e5883f94aca4192567f4=1524153629; Hm_lvt_f992f1ff6a03cc9681f84b59278ec71b=1524153629',
  'upgrade-insecure-requests' => '1',
  'accept' => 'text/html,application/xhtml+xml,application/xml;q=0.9,*/*;q=0.8',
  'host' => 'wx.ccapp.com.cn',
)
[ info ] [ PARAM ] array (
  'code' => '011sYt3Q1Vip491zkH6Q11Eu3Q1sYt3T',
  'state' => 'http://wx.ccapp.com.cn/user/index/waiterloginview.html',
)
[ info ] [ LANG ] D:\wwwroot\wx_cwyx\wwwroot\public\api/../../simplewind/cmf/lang\zh-cn.php
[ info ] [ BEHAVIOR ] Run cmf\behavior\LangBehavior @app_begin [ RunTime:0.002929s ]
[ info ] [ RUN ] api\wxapp\controller\PublicController->login[ D:\wwwroot\wx_cwyx\wwwroot\api\wxapp\controller\PublicController.php ]
[ info ] [ SESSION ] INIT array (
  'id' => '',
  'var_session_id' => '',
  'prefix' => 'think',
  'type' => '',
  'auto_start' => true,
)
[ info ] [ LOG ] INIT File
[ sql ] [ DB ] CONNECT:[ UseTime:0.012696s ] mysql:dbname=xjyapplet;host=127.0.0.1;port=3306;charset=utf8
[ sql ] [ SQL ] SHOW COLUMNS FROM `xjy_hook_plugin` [ RunTime:0.010742s ]
[ sql ] [ SQL ] SELECT `hook`,`plugin` FROM `xjy_hook_plugin` WHERE  `status` = 1 ORDER BY list_order ASC [ RunTime:0.000976s ]
[ sql ] [ SQL ] SHOW COLUMNS FROM `xjy_third_party_user` [ RunTime:0.157226s ]
[ sql ] [ SQL ] SELECT * FROM `xjy_third_party_user` WHERE  `openid` = 'oGxoe1Sc-eO2WLhPD1Sbe2NoQch8'  AND `app_id` = 'wx4612824b7c9f43b5' LIMIT 1 [ RunTime:0.000976s ]
[ sql ] [ SQL ] SHOW COLUMNS FROM `xjy_user` [ RunTime:0.010742s ]
[ sql ] [ SQL ] SELECT * FROM `xjy_user` WHERE  `id` = 22 LIMIT 1 [ RunTime:0.000977s ]
[ sql ] [ SQL ] SHOW COLUMNS FROM `xjy_user_token` [ RunTime:0.010742s ]
[ sql ] [ SQL ] SELECT * FROM `xjy_user_token` WHERE  `user_id` = 22  AND `device_type` = 'wxapp' LIMIT 1 [ RunTime:0.001953s ]
[ sql ] [ SQL ] UPDATE `xjy_user_token`  SET `token`='84452685d97a4735f395e7f8b97c2b5d84452685d97a4735f395e7f8b97c2b5d',`expire_time`=1540998240,`create_time`=1525446240  WHERE  `user_id` = 22  AND `device_type` = 'wxapp' [ RunTime:0.134766s ]
[ sql ] [ SQL ] UPDATE `xjy_third_party_user`  SET `last_login_ip`='171.210.250.121',`last_login_time`=1525446240,`login_times`=login_times+1,`more`='{\"gender\":1,\"nickName\":\"Hosni\",\"avatarUrl\":\"http:\\/\\/thirdwx.qlogo.cn\\/mmopen\\/vi_32\\/6OlFfArInlmYpyW4B0jX0zvfCKuIyZQbhBB6iaLsxxFibafzic5xyibDITibJicy1K6b8m34eNXMd1BY2ODWQJicCickiag\\/132\",\"user_address\":\"\\u56db\\u5ddd\\u6210\\u90fd\",\"union_id\":\"\\u5fae\\u4fe1\\u5e73\\u53f0\"}'  WHERE  `openid` = 'oGxoe1Sc-eO2WLhPD1Sbe2NoQch8'  AND `app_id` = 'wx4612824b7c9f43b5' [ RunTime:0.003906s ]
---------------------------------------------------------------
[ 2018-05-04T23:18:38+08:00 ] 122.114.61.97 171.210.168.230 GET /api/index.php/wxapp/Public/login/?code=08157uPg0nStEx1Xb0Pg0SdCPg057uPs&state=http%3A%2F%2Fwx.ccapp.com.cn%2Fuser%2Findex%2Fwaiterloginview.html
[ info ] wx.ccapp.com.cn/api/index.php/wxapp/Public/login/?code=08157uPg0nStEx1Xb0Pg0SdCPg057uPs&state=http%3A%2F%2Fwx.ccapp.com.cn%2Fuser%2Findex%2Fwaiterloginview.html [运行时间：0.768555s][吞吐率：1.30req/s] [内存消耗：1,957.91kb] [文件加载：54]
[ info ] [ DB ] INIT mysql
[ info ] [ BEHAVIOR ] Run cmf\behavior\InitHookBehavior @app_init [ RunTime:0.036133s ]
[ info ] [ LANG ] D:\wwwroot\wx_cwyx\wwwroot\simplewind\thinkphp\lang\zh-cn.php
[ info ] [ ROUTE ] array (
  'type' => 'module',
  'module' => 
  array (
    0 => 'wxapp',
    1 => 'Public',
    2 => 'login',
  ),
)
[ info ] [ HEADER ] array (
  'x-requested-with' => 'com.tencent.mm',
  'cookie' => 'PHPSESSID=requ59qj9vbrccpad4brb6cnv3; yunsuo_session_verify=e15512960216bd9fd37c07156f616e29; yunsuo_leech_key=82',
  'accept-language' => 'zh-CN,zh-CN;q=0.9,en-US;q=0.8',
  'accept-encoding' => 'gzip, deflate',
  'accept' => 'text/html,application/xhtml+xml,application/xml;q=0.9,image/webp,image/apng,*/*;q=0.8',
  'upgrade-insecure-requests' => '1',
  'user-agent' => 'Mozilla/5.0 (Linux; Android 8.0.0; FIG-AL00 Build/HUAWEIFIG-AL00; wv) AppleWebKit/537.36 (KHTML, like Gecko) Version/4.0 Chrome/63.0.3239.111 Mobile Safari/537.36 MicroMessenger/6.6.6.1300(0x26060636) NetType/4G Language/zh_CN',
  'connection' => 'close',
  'host' => 'wx.ccapp.com.cn',
)
[ info ] [ PARAM ] array (
  'code' => '08157uPg0nStEx1Xb0Pg0SdCPg057uPs',
  'state' => 'http://wx.ccapp.com.cn/user/index/waiterloginview.html',
)
[ info ] [ LANG ] D:\wwwroot\wx_cwyx\wwwroot\public\api/../../simplewind/cmf/lang\zh-cn.php
[ info ] [ BEHAVIOR ] Run cmf\behavior\LangBehavior @app_begin [ RunTime:0.001953s ]
[ info ] [ RUN ] api\wxapp\controller\PublicController->login[ D:\wwwroot\wx_cwyx\wwwroot\api\wxapp\controller\PublicController.php ]
[ info ] [ SESSION ] INIT array (
  'id' => '',
  'var_session_id' => '',
  'prefix' => 'think',
  'type' => '',
  'auto_start' => true,
)
[ info ] [ LOG ] INIT File
[ sql ] [ DB ] CONNECT:[ UseTime:0.012696s ] mysql:dbname=xjyapplet;host=127.0.0.1;port=3306;charset=utf8
[ sql ] [ SQL ] SHOW COLUMNS FROM `xjy_hook_plugin` [ RunTime:0.007812s ]
[ sql ] [ SQL ] SELECT `hook`,`plugin` FROM `xjy_hook_plugin` WHERE  `status` = 1 ORDER BY list_order ASC [ RunTime:0.000976s ]
[ sql ] [ SQL ] SHOW COLUMNS FROM `xjy_third_party_user` [ RunTime:0.007812s ]
[ sql ] [ SQL ] SELECT * FROM `xjy_third_party_user` WHERE  `openid` = 'oGxoe1Z-ZFB-zeanSTT8U-BOKreQ'  AND `app_id` = 'wx4612824b7c9f43b5' LIMIT 1 [ RunTime:0.000977s ]
[ sql ] [ SQL ] SHOW COLUMNS FROM `xjy_user` [ RunTime:0.007812s ]
[ sql ] [ SQL ] SELECT * FROM `xjy_user` WHERE  `id` = 23 LIMIT 1 [ RunTime:0.000976s ]
[ sql ] [ SQL ] SHOW COLUMNS FROM `xjy_user_token` [ RunTime:0.005860s ]
[ sql ] [ SQL ] SELECT * FROM `xjy_user_token` WHERE  `user_id` = 23  AND `device_type` = 'wxapp' LIMIT 1 [ RunTime:0.000000s ]
[ sql ] [ SQL ] UPDATE `xjy_user_token`  SET `token`='effb74332f3ed9abf9393dc47885ecd3effb74332f3ed9abf9393dc47885ecd3',`expire_time`=1540999118,`create_time`=1525447118  WHERE  `user_id` = 23  AND `device_type` = 'wxapp' [ RunTime:0.006836s ]
[ sql ] [ SQL ] UPDATE `xjy_third_party_user`  SET `last_login_ip`='171.210.168.230',`last_login_time`=1525447118,`login_times`=login_times+1,`more`='{\"gender\":1,\"nickName\":\"\\u54c1\\u5473\\u4e2d\\u56fd\",\"avatarUrl\":\"http:\\/\\/thirdwx.qlogo.cn\\/mmopen\\/vi_32\\/R9hiag9MqTHZdooQcRfolOFHWjbQDniaj3bAZFiaJg0LxrAXiaXOOp70eFbxTH3XAkJia5gibLu7584mo5hicDWZ9TTlg\\/132\",\"user_address\":\"\",\"union_id\":\"\\u5fae\\u4fe1\\u5e73\\u53f0\"}'  WHERE  `openid` = 'oGxoe1Z-ZFB-zeanSTT8U-BOKreQ'  AND `app_id` = 'wx4612824b7c9f43b5' [ RunTime:0.005860s ]
