---------------------------------------------------------------
[ 2018-05-09T10:50:35+08:00 ] 122.114.61.97 112.44.100.81 GET /api/index.php/wxapp/Public/login/?code=0611zq8l2p4V9G0NJc9l2DVb8l21zq83&state=http%3A%2F%2Fwx.ccapp.com.cn%2Fuser%2Findex%2Ffoodlist%2Fparent_id%2F179.html
[ info ] wx.ccapp.com.cn/api/index.php/wxapp/Public/login/?code=0611zq8l2p4V9G0NJc9l2DVb8l21zq83&state=http%3A%2F%2Fwx.ccapp.com.cn%2Fuser%2Findex%2Ffoodlist%2Fparent_id%2F179.html [运行时间：2.779297s][吞吐率：0.36req/s] [内存消耗：1,957.63kb] [文件加载：54]
[ info ] [ DB ] INIT mysql
[ info ] [ BEHAVIOR ] Run cmf\behavior\InitHookBehavior @app_init [ RunTime:0.024414s ]
[ info ] [ LANG ] D:\wwwroot\wx_cwyx\wwwroot\simplewind\thinkphp\lang\zh-cn.php
[ info ] [ ROUTE ] array (
  'type' => 'module',
  'module' => 
  array (
    0 => 'wxapp',
    1 => 'Public',
    2 => 'login',
  ),
)
[ info ] [ HEADER ] array (
  'connection' => 'close',
  'accept-encoding' => 'gzip, deflate',
  'accept-language' => 'zh-cn',
  'user-agent' => 'Mozilla/5.0 (iPhone; CPU iPhone OS 11_3 like Mac OS X) AppleWebKit/605.1.15 (KHTML, like Gecko) Mobile/15E216 MicroMessenger/6.6.6 NetType/WIFI Language/zh_CN',
  'cookie' => 'PHPSESSID=ah4o6as5pt3od3u6eios3fjjb4; yunsuo_leech_key=53; yunsuo_session_verify=2df5d805d2e39c487db24bdfafc8151e; Hm_lvt_6cdf3f56c973e5883f94aca4192567f4=1524153629; Hm_lvt_f992f1ff6a03cc9681f84b59278ec71b=1524153629',
  'upgrade-insecure-requests' => '1',
  'accept' => 'text/html,application/xhtml+xml,application/xml;q=0.9,*/*;q=0.8',
  'host' => 'wx.ccapp.com.cn',
)
[ info ] [ PARAM ] array (
  'code' => '0611zq8l2p4V9G0NJc9l2DVb8l21zq83',
  'state' => 'http://wx.ccapp.com.cn/user/index/foodlist/parent_id/179.html',
)
[ info ] [ LANG ] D:\wwwroot\wx_cwyx\wwwroot\public\api/../../simplewind/cmf/lang\zh-cn.php
[ info ] [ BEHAVIOR ] Run cmf\behavior\LangBehavior @app_begin [ RunTime:0.002930s ]
[ info ] [ RUN ] api\wxapp\controller\PublicController->login[ D:\wwwroot\wx_cwyx\wwwroot\api\wxapp\controller\PublicController.php ]
[ info ] [ SESSION ] INIT array (
  'id' => '',
  'var_session_id' => '',
  'prefix' => 'think',
  'type' => '',
  'auto_start' => true,
)
[ info ] [ LOG ] INIT File
[ sql ] [ DB ] CONNECT:[ UseTime:0.001953s ] mysql:dbname=xjyapplet;host=127.0.0.1;port=3306;charset=utf8
[ sql ] [ SQL ] SHOW COLUMNS FROM `xjy_hook_plugin` [ RunTime:0.008789s ]
[ sql ] [ SQL ] SELECT `hook`,`plugin` FROM `xjy_hook_plugin` WHERE  `status` = 1 ORDER BY list_order ASC [ RunTime:0.001953s ]
[ sql ] [ SQL ] SHOW COLUMNS FROM `xjy_third_party_user` [ RunTime:0.036133s ]
[ sql ] [ SQL ] SELECT * FROM `xjy_third_party_user` WHERE  `openid` = 'oGxoe1Sc-eO2WLhPD1Sbe2NoQch8'  AND `app_id` = 'wx4612824b7c9f43b5' LIMIT 1 [ RunTime:0.001953s ]
[ sql ] [ SQL ] SHOW COLUMNS FROM `xjy_user` [ RunTime:0.009766s ]
[ sql ] [ SQL ] SELECT * FROM `xjy_user` WHERE  `id` = 22 LIMIT 1 [ RunTime:0.000000s ]
[ sql ] [ SQL ] SHOW COLUMNS FROM `xjy_user_token` [ RunTime:0.009765s ]
[ sql ] [ SQL ] SELECT * FROM `xjy_user_token` WHERE  `user_id` = 22  AND `device_type` = 'wxapp' LIMIT 1 [ RunTime:0.000977s ]
[ sql ] [ SQL ] UPDATE `xjy_user_token`  SET `token`='3843ddbc1840c2564a594f5b5279645f3843ddbc1840c2564a594f5b5279645f',`expire_time`=1541386234,`create_time`=1525834234  WHERE  `user_id` = 22  AND `device_type` = 'wxapp' [ RunTime:0.038085s ]
[ sql ] [ SQL ] UPDATE `xjy_third_party_user`  SET `last_login_ip`='112.44.100.81',`last_login_time`=1525834234,`login_times`=login_times+1,`more`='{\"gender\":1,\"nickName\":\"Hosni\",\"avatarUrl\":\"http:\\/\\/thirdwx.qlogo.cn\\/mmopen\\/vi_32\\/6OlFfArInlmYpyW4B0jX0zvfCKuIyZQbhBB6iaLsxxFibafzic5xyibDITibJicy1K6b8m34eNXMd1BY2ODWQJicCickiag\\/132\",\"user_address\":\"\\u56db\\u5ddd\\u6210\\u90fd\",\"union_id\":\"\\u5fae\\u4fe1\\u5e73\\u53f0\"}'  WHERE  `openid` = 'oGxoe1Sc-eO2WLhPD1Sbe2NoQch8'  AND `app_id` = 'wx4612824b7c9f43b5' [ RunTime:0.208985s ]
