---------------------------------------------------------------
[ 2018-05-10T13:38:50+08:00 ] 122.114.61.97 118.112.123.232 GET /api/index.php/wxapp/Public/login/?code=011ARrn21sJvyN1Fvbo21phDn21ARrnZ&state=http%3A%2F%2Fwx.ccapp.com.cn%2Fuser%2Findex%2Ffoodlist%2Fparent_id%2F200.html
[ info ] wx.ccapp.com.cn/api/index.php/wxapp/Public/login/?code=011ARrn21sJvyN1Fvbo21phDn21ARrnZ&state=http%3A%2F%2Fwx.ccapp.com.cn%2Fuser%2Findex%2Ffoodlist%2Fparent_id%2F200.html [运行时间：2.281250s][吞吐率：0.44req/s] [内存消耗：1,957.95kb] [文件加载：54]
[ info ] [ DB ] INIT mysql
[ info ] [ BEHAVIOR ] Run cmf\behavior\InitHookBehavior @app_init [ RunTime:0.015625s ]
[ info ] [ LANG ] D:\wwwroot\wx_cwyx\wwwroot\simplewind\thinkphp\lang\zh-cn.php
[ info ] [ ROUTE ] array (
  'type' => 'module',
  'module' => 
  array (
    0 => 'wxapp',
    1 => 'Public',
    2 => 'login',
  ),
)
[ info ] [ HEADER ] array (
  'x-requested-with' => 'com.tencent.mm',
  'cookie' => 'PHPSESSID=requ59qj9vbrccpad4brb6cnv3; yunsuo_session_verify=fb429147cb90c27e3f37772a7adad60d; yunsuo_leech_key=95',
  'accept-language' => 'zh-CN,zh-CN;q=0.9,en-US;q=0.8',
  'accept-encoding' => 'gzip, deflate',
  'accept' => 'text/html,application/xhtml+xml,application/xml;q=0.9,image/webp,image/apng,*/*;q=0.8',
  'upgrade-insecure-requests' => '1',
  'user-agent' => 'Mozilla/5.0 (Linux; Android 8.0.0; FIG-AL00 Build/HUAWEIFIG-AL00; wv) AppleWebKit/537.36 (KHTML, like Gecko) Version/4.0 Chrome/63.0.3239.111 Mobile Safari/537.36 MicroMessenger/6.6.6.1300(0x26060637) NetType/WIFI Language/zh_CN',
  'connection' => 'close',
  'host' => 'wx.ccapp.com.cn',
)
[ info ] [ PARAM ] array (
  'code' => '011ARrn21sJvyN1Fvbo21phDn21ARrnZ',
  'state' => 'http://wx.ccapp.com.cn/user/index/foodlist/parent_id/200.html',
)
[ info ] [ LANG ] D:\wwwroot\wx_cwyx\wwwroot\public\api/../../simplewind/cmf/lang\zh-cn.php
[ info ] [ BEHAVIOR ] Run cmf\behavior\LangBehavior @app_begin [ RunTime:0.000000s ]
[ info ] [ RUN ] api\wxapp\controller\PublicController->login[ D:\wwwroot\wx_cwyx\wwwroot\api\wxapp\controller\PublicController.php ]
[ info ] [ SESSION ] INIT array (
  'id' => '',
  'var_session_id' => '',
  'prefix' => 'think',
  'type' => '',
  'auto_start' => true,
)
[ info ] [ LOG ] INIT File
[ sql ] [ DB ] CONNECT:[ UseTime:0.000000s ] mysql:dbname=xjyapplet;host=127.0.0.1;port=3306;charset=utf8
[ sql ] [ SQL ] SHOW COLUMNS FROM `xjy_hook_plugin` [ RunTime:0.000000s ]
[ sql ] [ SQL ] SELECT `hook`,`plugin` FROM `xjy_hook_plugin` WHERE  `status` = 1 ORDER BY list_order ASC [ RunTime:0.000000s ]
[ sql ] [ SQL ] SHOW COLUMNS FROM `xjy_third_party_user` [ RunTime:0.000000s ]
[ sql ] [ SQL ] SELECT * FROM `xjy_third_party_user` WHERE  `openid` = 'oGxoe1Z-ZFB-zeanSTT8U-BOKreQ'  AND `app_id` = 'wx4612824b7c9f43b5' LIMIT 1 [ RunTime:0.000000s ]
[ sql ] [ SQL ] SHOW COLUMNS FROM `xjy_user` [ RunTime:0.015625s ]
[ sql ] [ SQL ] SELECT * FROM `xjy_user` WHERE  `id` = 23 LIMIT 1 [ RunTime:0.000000s ]
[ sql ] [ SQL ] SHOW COLUMNS FROM `xjy_user_token` [ RunTime:0.000000s ]
[ sql ] [ SQL ] SELECT * FROM `xjy_user_token` WHERE  `user_id` = 23  AND `device_type` = 'wxapp' LIMIT 1 [ RunTime:0.015625s ]
[ sql ] [ SQL ] UPDATE `xjy_user_token`  SET `token`='f83cf45d9d5f5fc6ec732c1431acba2af83cf45d9d5f5fc6ec732c1431acba2a',`expire_time`=1541482730,`create_time`=1525930730  WHERE  `user_id` = 23  AND `device_type` = 'wxapp' [ RunTime:0.218750s ]
[ sql ] [ SQL ] UPDATE `xjy_third_party_user`  SET `last_login_ip`='118.112.123.232',`last_login_time`=1525930730,`login_times`=login_times+1,`more`='{\"gender\":1,\"nickName\":\"\\u54c1\\u5473\\u4e2d\\u56fd\",\"avatarUrl\":\"http:\\/\\/thirdwx.qlogo.cn\\/mmopen\\/vi_32\\/R9hiag9MqTHZdooQcRfolOFHWjbQDniaj3bAZFiaJg0LxrAXiaXOOp70eFbxTH3XAkJia5gibLu7584mo5hicDWZ9TTlg\\/132\",\"user_address\":\"\",\"union_id\":\"\\u5fae\\u4fe1\\u5e73\\u53f0\"}'  WHERE  `openid` = 'oGxoe1Z-ZFB-zeanSTT8U-BOKreQ'  AND `app_id` = 'wx4612824b7c9f43b5' [ RunTime:0.046875s ]
---------------------------------------------------------------
[ 2018-05-10T17:39:06+08:00 ] 122.114.61.97 118.112.123.232 GET /api/index.php/wxapp/Public/login/?code=081QZCGF1Hq7S100OoJF1QQAGF1QZCGC&state=http%3A%2F%2Fwx.ccapp.com.cn%2Fuser%2Findex%2Fsellerreserve.html
[ info ] wx.ccapp.com.cn/api/index.php/wxapp/Public/login/?code=081QZCGF1Hq7S100OoJF1QQAGF1QZCGC&state=http%3A%2F%2Fwx.ccapp.com.cn%2Fuser%2Findex%2Fsellerreserve.html [运行时间：0.652344s][吞吐率：1.53req/s] [内存消耗：1,958.06kb] [文件加载：54]
[ info ] [ DB ] INIT mysql
[ info ] [ BEHAVIOR ] Run cmf\behavior\InitHookBehavior @app_init [ RunTime:0.030274s ]
[ info ] [ LANG ] D:\wwwroot\wx_cwyx\wwwroot\simplewind\thinkphp\lang\zh-cn.php
[ info ] [ ROUTE ] array (
  'type' => 'module',
  'module' => 
  array (
    0 => 'wxapp',
    1 => 'Public',
    2 => 'login',
  ),
)
[ info ] [ HEADER ] array (
  'x-requested-with' => 'com.tencent.mm',
  'cookie' => 'PHPSESSID=requ59qj9vbrccpad4brb6cnv3; yunsuo_session_verify=fb429147cb90c27e3f37772a7adad60d; yunsuo_leech_key=93; BDTUJIAID=f65c73d69f1ff3eb8014ea46122adb71',
  'accept-language' => 'zh-CN,zh-CN;q=0.9,en-US;q=0.8',
  'accept-encoding' => 'gzip, deflate',
  'accept' => 'text/html,application/xhtml+xml,application/xml;q=0.9,image/webp,image/apng,*/*;q=0.8',
  'upgrade-insecure-requests' => '1',
  'user-agent' => 'Mozilla/5.0 (Linux; Android 8.0.0; FIG-AL00 Build/HUAWEIFIG-AL00; wv) AppleWebKit/537.36 (KHTML, like Gecko) Version/4.0 Chrome/63.0.3239.111 Mobile Safari/537.36 MicroMessenger/6.6.6.1300(0x26060637) NetType/WIFI Language/zh_CN',
  'connection' => 'close',
  'host' => 'wx.ccapp.com.cn',
)
[ info ] [ PARAM ] array (
  'code' => '081QZCGF1Hq7S100OoJF1QQAGF1QZCGC',
  'state' => 'http://wx.ccapp.com.cn/user/index/sellerreserve.html',
)
[ info ] [ LANG ] D:\wwwroot\wx_cwyx\wwwroot\public\api/../../simplewind/cmf/lang\zh-cn.php
[ info ] [ BEHAVIOR ] Run cmf\behavior\LangBehavior @app_begin [ RunTime:0.001953s ]
[ info ] [ RUN ] api\wxapp\controller\PublicController->login[ D:\wwwroot\wx_cwyx\wwwroot\api\wxapp\controller\PublicController.php ]
[ info ] [ SESSION ] INIT array (
  'id' => '',
  'var_session_id' => '',
  'prefix' => 'think',
  'type' => '',
  'auto_start' => true,
)
[ info ] [ LOG ] INIT File
[ sql ] [ DB ] CONNECT:[ UseTime:0.011719s ] mysql:dbname=xjyapplet;host=127.0.0.1;port=3306;charset=utf8
[ sql ] [ SQL ] SHOW COLUMNS FROM `xjy_hook_plugin` [ RunTime:0.007813s ]
[ sql ] [ SQL ] SELECT `hook`,`plugin` FROM `xjy_hook_plugin` WHERE  `status` = 1 ORDER BY list_order ASC [ RunTime:0.000976s ]
[ sql ] [ SQL ] SHOW COLUMNS FROM `xjy_third_party_user` [ RunTime:0.013672s ]
[ sql ] [ SQL ] SELECT * FROM `xjy_third_party_user` WHERE  `openid` = 'oGxoe1Z-ZFB-zeanSTT8U-BOKreQ'  AND `app_id` = 'wx4612824b7c9f43b5' LIMIT 1 [ RunTime:0.000976s ]
[ sql ] [ SQL ] SHOW COLUMNS FROM `xjy_user` [ RunTime:0.010742s ]
[ sql ] [ SQL ] SELECT * FROM `xjy_user` WHERE  `id` = 23 LIMIT 1 [ RunTime:0.000976s ]
[ sql ] [ SQL ] SHOW COLUMNS FROM `xjy_user_token` [ RunTime:0.007812s ]
[ sql ] [ SQL ] SELECT * FROM `xjy_user_token` WHERE  `user_id` = 23  AND `device_type` = 'wxapp' LIMIT 1 [ RunTime:0.000976s ]
[ sql ] [ SQL ] UPDATE `xjy_user_token`  SET `token`='dcf42b1d5fd6a5ce544a7722437bf528dcf42b1d5fd6a5ce544a7722437bf528',`expire_time`=1541497146,`create_time`=1525945146  WHERE  `user_id` = 23  AND `device_type` = 'wxapp' [ RunTime:0.005860s ]
[ sql ] [ SQL ] UPDATE `xjy_third_party_user`  SET `last_login_ip`='118.112.123.232',`last_login_time`=1525945146,`login_times`=login_times+1,`more`='{\"gender\":1,\"nickName\":\"\\u54c1\\u5473\\u4e2d\\u56fd\",\"avatarUrl\":\"http:\\/\\/thirdwx.qlogo.cn\\/mmopen\\/vi_32\\/R9hiag9MqTHZdooQcRfolOFHWjbQDniaj3bAZFiaJg0LxrAXiaXOOp70eFbxTH3XAkJia5gibLu7584mo5hicDWZ9TTlg\\/132\",\"user_address\":\"\",\"union_id\":\"\\u5fae\\u4fe1\\u5e73\\u53f0\"}'  WHERE  `openid` = 'oGxoe1Z-ZFB-zeanSTT8U-BOKreQ'  AND `app_id` = 'wx4612824b7c9f43b5' [ RunTime:0.004883s ]
