---------------------------------------------------------------
[ 2018-05-24T08:20:31+08:00 ] 122.114.61.97 117.173.71.24 GET /api/index.php/wxapp/Public/login/?code=061sHy5k0WRKPm12ER5k09lx5k0sHy5F&state=http%3A%2F%2Fwx.ccapp.com.cn%2Fuser%2Findex%2Ffoodlist%2Fparent_id%2F179.html
[ info ] wx.ccapp.com.cn/api/index.php/wxapp/Public/login/?code=061sHy5k0WRKPm12ER5k09lx5k0sHy5F&state=http%3A%2F%2Fwx.ccapp.com.cn%2Fuser%2Findex%2Ffoodlist%2Fparent_id%2F179.html [运行时间：0.900391s][吞吐率：1.11req/s] [内存消耗：1,957.72kb] [文件加载：54]
[ info ] [ DB ] INIT mysql
[ info ] [ BEHAVIOR ] Run cmf\behavior\InitHookBehavior @app_init [ RunTime:0.050781s ]
[ info ] [ LANG ] D:\wwwroot\wx_cwyx\wwwroot\simplewind\thinkphp\lang\zh-cn.php
[ info ] [ ROUTE ] array (
  'type' => 'module',
  'module' => 
  array (
    0 => 'wxapp',
    1 => 'Public',
    2 => 'login',
  ),
)
[ info ] [ HEADER ] array (
  'connection' => 'close',
  'accept-encoding' => 'gzip, deflate',
  'accept-language' => 'zh-cn',
  'user-agent' => 'Mozilla/5.0 (iPhone; CPU iPhone OS 11_3 like Mac OS X) AppleWebKit/605.1.15 (KHTML, like Gecko) Mobile/15E302 MicroMessenger/6.6.6 NetType/WIFI Language/zh_CN',
  'cookie' => 'PHPSESSID=61dcsoj2rvhuk3890uoh79qs95; yunsuo_leech_key=37; yunsuo_session_verify=f75f817b4a926a414d491f29d9538866; Hm_lvt_6cdf3f56c973e5883f94aca4192567f4=1524153629; Hm_lvt_f992f1ff6a03cc9681f84b59278ec71b=1524153629',
  'upgrade-insecure-requests' => '1',
  'accept' => 'text/html,application/xhtml+xml,application/xml;q=0.9,*/*;q=0.8',
  'host' => 'wx.ccapp.com.cn',
)
[ info ] [ PARAM ] array (
  'code' => '061sHy5k0WRKPm12ER5k09lx5k0sHy5F',
  'state' => 'http://wx.ccapp.com.cn/user/index/foodlist/parent_id/179.html',
)
[ info ] [ LANG ] D:\wwwroot\wx_cwyx\wwwroot\public\api/../../simplewind/cmf/lang\zh-cn.php
[ info ] [ BEHAVIOR ] Run cmf\behavior\LangBehavior @app_begin [ RunTime:0.006836s ]
[ info ] [ RUN ] api\wxapp\controller\PublicController->login[ D:\wwwroot\wx_cwyx\wwwroot\api\wxapp\controller\PublicController.php ]
[ info ] [ SESSION ] INIT array (
  'id' => '',
  'var_session_id' => '',
  'prefix' => 'think',
  'type' => '',
  'auto_start' => true,
)
[ info ] [ LOG ] INIT File
[ sql ] [ DB ] CONNECT:[ UseTime:0.012696s ] mysql:dbname=xjyapplet;host=127.0.0.1;port=3306;charset=utf8
[ sql ] [ SQL ] SHOW COLUMNS FROM `xjy_hook_plugin` [ RunTime:0.017578s ]
[ sql ] [ SQL ] SELECT `hook`,`plugin` FROM `xjy_hook_plugin` WHERE  `status` = 1 ORDER BY list_order ASC [ RunTime:0.000977s ]
[ sql ] [ SQL ] SHOW COLUMNS FROM `xjy_third_party_user` [ RunTime:0.009766s ]
[ sql ] [ SQL ] SELECT * FROM `xjy_third_party_user` WHERE  `openid` = 'oGxoe1Sc-eO2WLhPD1Sbe2NoQch8'  AND `app_id` = 'wx4612824b7c9f43b5' LIMIT 1 [ RunTime:0.000976s ]
[ sql ] [ SQL ] SHOW COLUMNS FROM `xjy_user` [ RunTime:0.007812s ]
[ sql ] [ SQL ] SELECT * FROM `xjy_user` WHERE  `id` = 22 LIMIT 1 [ RunTime:0.000977s ]
[ sql ] [ SQL ] SHOW COLUMNS FROM `xjy_user_token` [ RunTime:0.007813s ]
[ sql ] [ SQL ] SELECT * FROM `xjy_user_token` WHERE  `user_id` = 22  AND `device_type` = 'wxapp' LIMIT 1 [ RunTime:0.000977s ]
[ sql ] [ SQL ] UPDATE `xjy_user_token`  SET `token`='c043d227ea53eddd69ba88fb50c65c26c043d227ea53eddd69ba88fb50c65c26',`expire_time`=1542673231,`create_time`=1527121231  WHERE  `user_id` = 22  AND `device_type` = 'wxapp' [ RunTime:0.083008s ]
[ sql ] [ SQL ] UPDATE `xjy_third_party_user`  SET `last_login_ip`='117.173.71.24',`last_login_time`=1527121231,`login_times`=login_times+1,`more`='{\"gender\":1,\"nickName\":\"Hosni\",\"avatarUrl\":\"http:\\/\\/thirdwx.qlogo.cn\\/mmopen\\/vi_32\\/6OlFfArInlmYpyW4B0jX0zvfCKuIyZQbhBB6iaLsxxFibafzic5xyibDITibJicy1K6b8m34eNXMd1BY2ODWQJicCickiag\\/132\",\"user_address\":\"\\u56db\\u5ddd\\u6210\\u90fd\",\"union_id\":\"\\u5fae\\u4fe1\\u5e73\\u53f0\"}'  WHERE  `openid` = 'oGxoe1Sc-eO2WLhPD1Sbe2NoQch8'  AND `app_id` = 'wx4612824b7c9f43b5' [ RunTime:0.003907s ]
---------------------------------------------------------------
[ 2018-05-24T14:23:41+08:00 ] 122.114.61.97 182.131.12.11 GET /api/index.php/wxapp/Public/login/?code=011rWtbk2JFF7H0NYOak2SNabk2rWtbf&state=http%3A%2F%2Fwx.ccapp.com.cn%2Fuser%2Findex%2Ffoodlist%2Fparent_id%2F207.html
[ info ] wx.ccapp.com.cn/api/index.php/wxapp/Public/login/?code=011rWtbk2JFF7H0NYOak2SNabk2rWtbf&state=http%3A%2F%2Fwx.ccapp.com.cn%2Fuser%2Findex%2Ffoodlist%2Fparent_id%2F207.html [运行时间：0.949219s][吞吐率：1.05req/s] [内存消耗：1,958.25kb] [文件加载：54]
[ info ] [ DB ] INIT mysql
[ info ] [ BEHAVIOR ] Run cmf\behavior\InitHookBehavior @app_init [ RunTime:0.041992s ]
[ info ] [ LANG ] D:\wwwroot\wx_cwyx\wwwroot\simplewind\thinkphp\lang\zh-cn.php
[ info ] [ ROUTE ] array (
  'type' => 'module',
  'module' => 
  array (
    0 => 'wxapp',
    1 => 'Public',
    2 => 'login',
  ),
)
[ info ] [ HEADER ] array (
  'x-forwarded-for-pound' => '110.184.36.193',
  'x-forwarded-for' => '110.184.36.193',
  'user-agent' => 'Mozilla/5.0 (Linux; Android 6.0.1; OPPO R9sk Build/MMB29M; wv) AppleWebKit/537.36 (KHTML, like Gecko) Version/4.0 Chrome/57.0.2987.132 MQQBrowser/6.2 TBS/044033 Mobile Safari/537.36 MicroMessenger/6.6.6.1300(0x26060637) NetType/WIFI Language/zh_CN',
  'host' => 'wx.ccapp.com.cn',
  'cookie' => 'PHPSESSID=u1i8bav7i852bii60sed589mb0; yunsuo_session_verify=e3b915d5a3ffd240db202fd2e1cf8692; yunsuo_leech_key=4',
  'connection' => 'close',
  'accept-language' => 'zh-CN,en-US;q=0.8',
  'accept-encoding' => 'gzip',
  'accept' => 'text/html,application/xhtml+xml,application/xml;q=0.9,image/webp,image/apng,image/wxpic,image/sharpp,image/apng,*/*;q=0.8',
)
[ info ] [ PARAM ] array (
  'code' => '011rWtbk2JFF7H0NYOak2SNabk2rWtbf',
  'state' => 'http://wx.ccapp.com.cn/user/index/foodlist/parent_id/207.html',
)
[ info ] [ LANG ] D:\wwwroot\wx_cwyx\wwwroot\public\api/../../simplewind/cmf/lang\zh-cn.php
[ info ] [ BEHAVIOR ] Run cmf\behavior\LangBehavior @app_begin [ RunTime:0.004883s ]
[ info ] [ RUN ] api\wxapp\controller\PublicController->login[ D:\wwwroot\wx_cwyx\wwwroot\api\wxapp\controller\PublicController.php ]
[ info ] [ SESSION ] INIT array (
  'id' => '',
  'var_session_id' => '',
  'prefix' => 'think',
  'type' => '',
  'auto_start' => true,
)
[ info ] [ LOG ] INIT File
[ sql ] [ DB ] CONNECT:[ UseTime:0.012696s ] mysql:dbname=xjyapplet;host=127.0.0.1;port=3306;charset=utf8
[ sql ] [ SQL ] SHOW COLUMNS FROM `xjy_hook_plugin` [ RunTime:0.007812s ]
[ sql ] [ SQL ] SELECT `hook`,`plugin` FROM `xjy_hook_plugin` WHERE  `status` = 1 ORDER BY list_order ASC [ RunTime:0.002930s ]
[ sql ] [ SQL ] SHOW COLUMNS FROM `xjy_third_party_user` [ RunTime:0.022461s ]
[ sql ] [ SQL ] SELECT * FROM `xjy_third_party_user` WHERE  `openid` = 'oGxoe1aiRlJCrcveXXrX3WIFPCdg'  AND `app_id` = 'wx4612824b7c9f43b5' LIMIT 1 [ RunTime:0.001953s ]
[ sql ] [ SQL ] SHOW COLUMNS FROM `xjy_user` [ RunTime:0.009766s ]
[ sql ] [ SQL ] SELECT * FROM `xjy_user` WHERE  `id` = 37 LIMIT 1 [ RunTime:0.000976s ]
[ sql ] [ SQL ] SHOW COLUMNS FROM `xjy_user_token` [ RunTime:0.007812s ]
[ sql ] [ SQL ] SELECT * FROM `xjy_user_token` WHERE  `user_id` = 37  AND `device_type` = 'wxapp' LIMIT 1 [ RunTime:0.001953s ]
[ sql ] [ SQL ] UPDATE `xjy_user_token`  SET `token`='083246482904984bc43e053ff27a490b083246482904984bc43e053ff27a490b',`expire_time`=1542695021,`create_time`=1527143021  WHERE  `user_id` = 37  AND `device_type` = 'wxapp' [ RunTime:0.066407s ]
[ sql ] [ SQL ] UPDATE `xjy_third_party_user`  SET `last_login_ip`='110.184.36.193',`last_login_time`=1527143021,`login_times`=login_times+1,`more`='{\"gender\":1,\"nickName\":\"\\u90c1\\u7b19\\u3002\",\"avatarUrl\":\"http:\\/\\/thirdwx.qlogo.cn\\/mmopen\\/vi_32\\/ics2BWvggibiawBaaskctFtXWNwwEIR1iaqxQhgUGoe1ibUYS36KAQyWYZ3ZdWSic7xuep3Wz3YZ9pac6yjChNM3oK8A\\/132\",\"user_address\":\"\",\"union_id\":\"\\u5fae\\u4fe1\\u5e73\\u53f0\"}'  WHERE  `openid` = 'oGxoe1aiRlJCrcveXXrX3WIFPCdg'  AND `app_id` = 'wx4612824b7c9f43b5' [ RunTime:0.009765s ]
---------------------------------------------------------------
[ 2018-05-24T14:23:42+08:00 ] 122.114.61.97 182.131.12.11 GET /api/index.php/wxapp/Public/login/?code=0116Ze1l1qqLxk0xh11l1i391l16Ze1t&state=http%3A%2F%2Fwx.ccapp.com.cn%2Fuser%2Findex%2Ffoodlist%2Fparent_id%2F207.html
[ info ] wx.ccapp.com.cn/api/index.php/wxapp/Public/login/?code=0116Ze1l1qqLxk0xh11l1i391l16Ze1t&state=http%3A%2F%2Fwx.ccapp.com.cn%2Fuser%2Findex%2Ffoodlist%2Fparent_id%2F207.html [运行时间：0.689454s][吞吐率：1.45req/s] [内存消耗：1,959.45kb] [文件加载：54]
[ info ] [ DB ] INIT mysql
[ info ] [ BEHAVIOR ] Run cmf\behavior\InitHookBehavior @app_init [ RunTime:0.038086s ]
[ info ] [ LANG ] D:\wwwroot\wx_cwyx\wwwroot\simplewind\thinkphp\lang\zh-cn.php
[ info ] [ ROUTE ] array (
  'type' => 'module',
  'module' => 
  array (
    0 => 'wxapp',
    1 => 'Public',
    2 => 'login',
  ),
)
[ info ] [ HEADER ] array (
  'x-forwarded-for-pound' => '110.184.36.193',
  'x-forwarded-for' => '110.184.36.193',
  'user-agent' => 'Mozilla/5.0 (Linux; Android 6.0.1; OPPO R9sk Build/MMB29M; wv) AppleWebKit/537.36 (KHTML, like Gecko) Version/4.0 Chrome/57.0.2987.132 MQQBrowser/6.2 TBS/044033 Mobile Safari/537.36 MicroMessenger/6.6.6.1300(0x26060637) NetType/WIFI Language/zh_CN',
  'host' => 'wx.ccapp.com.cn',
  'cookie' => 'PHPSESSID=u1i8bav7i852bii60sed589mb0; yunsuo_session_verify=e3b915d5a3ffd240db202fd2e1cf8692; yunsuo_leech_key=4',
  'connection' => 'close',
  'accept-language' => 'zh-CN,en-US;q=0.8',
  'accept-encoding' => 'gzip',
  'accept' => 'text/html,application/xhtml+xml,application/xml;q=0.9,image/webp,image/apng,image/wxpic,image/sharpp,image/apng,*/*;q=0.8',
)
[ info ] [ PARAM ] array (
  'code' => '0116Ze1l1qqLxk0xh11l1i391l16Ze1t',
  'state' => 'http://wx.ccapp.com.cn/user/index/foodlist/parent_id/207.html',
)
[ info ] [ LANG ] D:\wwwroot\wx_cwyx\wwwroot\public\api/../../simplewind/cmf/lang\zh-cn.php
[ info ] [ BEHAVIOR ] Run cmf\behavior\LangBehavior @app_begin [ RunTime:0.001954s ]
[ info ] [ RUN ] api\wxapp\controller\PublicController->login[ D:\wwwroot\wx_cwyx\wwwroot\api\wxapp\controller\PublicController.php ]
[ info ] [ SESSION ] INIT array (
  'id' => '',
  'var_session_id' => '',
  'prefix' => 'think',
  'type' => '',
  'auto_start' => true,
)
[ info ] [ LOG ] INIT File
[ sql ] [ DB ] CONNECT:[ UseTime:0.011718s ] mysql:dbname=xjyapplet;host=127.0.0.1;port=3306;charset=utf8
[ sql ] [ SQL ] SHOW COLUMNS FROM `xjy_hook_plugin` [ RunTime:0.010743s ]
[ sql ] [ SQL ] SELECT `hook`,`plugin` FROM `xjy_hook_plugin` WHERE  `status` = 1 ORDER BY list_order ASC [ RunTime:0.000977s ]
[ sql ] [ SQL ] SHOW COLUMNS FROM `xjy_third_party_user` [ RunTime:0.001953s ]
[ sql ] [ SQL ] SELECT * FROM `xjy_third_party_user` WHERE  `openid` = 'oGxoe1aiRlJCrcveXXrX3WIFPCdg'  AND `app_id` = 'wx4612824b7c9f43b5' LIMIT 1 [ RunTime:0.002930s ]
[ sql ] [ SQL ] SHOW COLUMNS FROM `xjy_user` [ RunTime:0.009766s ]
[ sql ] [ SQL ] SELECT * FROM `xjy_user` WHERE  `id` = 37 LIMIT 1 [ RunTime:0.000977s ]
[ sql ] [ SQL ] SHOW COLUMNS FROM `xjy_user_token` [ RunTime:0.004883s ]
[ sql ] [ SQL ] SELECT * FROM `xjy_user_token` WHERE  `user_id` = 37  AND `device_type` = 'wxapp' LIMIT 1 [ RunTime:0.000000s ]
[ sql ] [ SQL ] UPDATE `xjy_user_token`  SET `token`='c6dbd9ca464f56b295dee3f8661582b1c6dbd9ca464f56b295dee3f8661582b1',`expire_time`=1542695022,`create_time`=1527143022  WHERE  `user_id` = 37  AND `device_type` = 'wxapp' [ RunTime:0.010742s ]
[ sql ] [ SQL ] UPDATE `xjy_third_party_user`  SET `last_login_ip`='110.184.36.193',`last_login_time`=1527143022,`login_times`=login_times+1,`more`='{\"gender\":1,\"nickName\":\"\\u90c1\\u7b19\\u3002\",\"avatarUrl\":\"http:\\/\\/thirdwx.qlogo.cn\\/mmopen\\/vi_32\\/ics2BWvggibiawBaaskctFtXWNwwEIR1iaqxQhgUGoe1ibUYS36KAQyWYZ3ZdWSic7xuep3Wz3YZ9pac6yjChNM3oK8A\\/132\",\"user_address\":\"\",\"union_id\":\"\\u5fae\\u4fe1\\u5e73\\u53f0\"}'  WHERE  `openid` = 'oGxoe1aiRlJCrcveXXrX3WIFPCdg'  AND `app_id` = 'wx4612824b7c9f43b5' [ RunTime:0.002930s ]
