---------------------------------------------------------------
[ 2018-05-25T14:51:38+08:00 ] 122.114.61.97 182.140.177.167 GET /api/index.php/wxapp/Public/login/?code=0113gxdZ0yHMW12cGHdZ0MirdZ03gxdo&state=http%3A%2F%2Fwx.ccapp.com.cn%2Fuser%2Findex%2Fscan_order%2Fid%2F1
[ info ] wx.ccapp.com.cn/api/index.php/wxapp/Public/login/?code=0113gxdZ0yHMW12cGHdZ0MirdZ03gxdo&state=http%3A%2F%2Fwx.ccapp.com.cn%2Fuser%2Findex%2Fscan_order%2Fid%2F1 [运行时间：0.802734s][吞吐率：1.25req/s] [内存消耗：1,958.21kb] [文件加载：54]
[ info ] [ DB ] INIT mysql
[ info ] [ BEHAVIOR ] Run cmf\behavior\InitHookBehavior @app_init [ RunTime:0.057617s ]
[ info ] [ LANG ] D:\wwwroot\wx_cwyx\wwwroot\simplewind\thinkphp\lang\zh-cn.php
[ info ] [ ROUTE ] array (
  'type' => 'module',
  'module' => 
  array (
    0 => 'wxapp',
    1 => 'Public',
    2 => 'login',
  ),
)
[ info ] [ HEADER ] array (
  'x-forwarded-for-pound' => '182.139.28.6',
  'x-forwarded-for' => '182.139.28.6',
  'user-agent' => 'Mozilla/5.0 (Linux; Android 7.0; ZTE BV0800 Build/NRD90M; wv) AppleWebKit/537.36 (KHTML, like Gecko) Version/4.0 Chrome/57.0.2987.132 MQQBrowser/6.2 TBS/044033 Mobile Safari/537.36 MicroMessenger/6.6.6.1300(0x26060637) NetType/WIFI Language/zh_CN',
  'host' => 'wx.ccapp.com.cn',
  'cookie' => 'PHPSESSID=ivq7lcpvpc0rmb98bq4d5dabq5; yunsuo_session_verify=17a1f8770996b54b6f3e9aedc5c43cf7; yunsuo_leech_key=4',
  'connection' => 'close',
  'accept-language' => 'zh-CN,en-US;q=0.8',
  'accept-encoding' => 'gzip',
  'accept' => 'text/html,application/xhtml+xml,application/xml;q=0.9,image/webp,image/apng,image/wxpic,image/sharpp,image/apng,*/*;q=0.8',
)
[ info ] [ PARAM ] array (
  'code' => '0113gxdZ0yHMW12cGHdZ0MirdZ03gxdo',
  'state' => 'http://wx.ccapp.com.cn/user/index/scan_order/id/1',
)
[ info ] [ LANG ] D:\wwwroot\wx_cwyx\wwwroot\public\api/../../simplewind/cmf/lang\zh-cn.php
[ info ] [ BEHAVIOR ] Run cmf\behavior\LangBehavior @app_begin [ RunTime:0.004883s ]
[ info ] [ RUN ] api\wxapp\controller\PublicController->login[ D:\wwwroot\wx_cwyx\wwwroot\api\wxapp\controller\PublicController.php ]
[ info ] [ SESSION ] INIT array (
  'id' => '',
  'var_session_id' => '',
  'prefix' => 'think',
  'type' => '',
  'auto_start' => true,
)
[ info ] [ LOG ] INIT File
[ sql ] [ DB ] CONNECT:[ UseTime:0.013672s ] mysql:dbname=xjyapplet;host=127.0.0.1;port=3306;charset=utf8
[ sql ] [ SQL ] SHOW COLUMNS FROM `xjy_hook_plugin` [ RunTime:0.023438s ]
[ sql ] [ SQL ] SELECT `hook`,`plugin` FROM `xjy_hook_plugin` WHERE  `status` = 1 ORDER BY list_order ASC [ RunTime:0.002930s ]
[ sql ] [ SQL ] SHOW COLUMNS FROM `xjy_third_party_user` [ RunTime:0.009766s ]
[ sql ] [ SQL ] SELECT * FROM `xjy_third_party_user` WHERE  `openid` = 'oGxoe1VMYH4M3Np_ITy1kxRKGUEw'  AND `app_id` = 'wx4612824b7c9f43b5' LIMIT 1 [ RunTime:0.000977s ]
[ sql ] [ SQL ] SHOW COLUMNS FROM `xjy_user` [ RunTime:0.015625s ]
[ sql ] [ SQL ] SELECT * FROM `xjy_user` WHERE  `id` = 21 LIMIT 1 [ RunTime:0.000977s ]
[ sql ] [ SQL ] SHOW COLUMNS FROM `xjy_user_token` [ RunTime:0.010742s ]
[ sql ] [ SQL ] SELECT * FROM `xjy_user_token` WHERE  `user_id` = 21  AND `device_type` = 'wxapp' LIMIT 1 [ RunTime:0.000000s ]
[ sql ] [ SQL ] UPDATE `xjy_user_token`  SET `token`='65d2b8620c126c59f6a066d20cd09d2765d2b8620c126c59f6a066d20cd09d27',`expire_time`=1542783098,`create_time`=1527231098  WHERE  `user_id` = 21  AND `device_type` = 'wxapp' [ RunTime:0.015625s ]
[ sql ] [ SQL ] UPDATE `xjy_third_party_user`  SET `last_login_ip`='182.139.28.6',`last_login_time`=1527231098,`login_times`=login_times+1,`more`='{\"gender\":1,\"nickName\":\"\\u8c22\\u946b\\u78ca\",\"avatarUrl\":\"http:\\/\\/thirdwx.qlogo.cn\\/mmopen\\/vi_32\\/FnfnEco7BdgKxoHHcyvTCbeCDureVVREsoovd0TuNUmZ55iaVPgLUmB5Ha6WBxrryp2sPPpJLBV4VEm5PvnlJcw\\/132\",\"user_address\":\"\\u56db\\u5ddd\\u6210\\u90fd\",\"union_id\":\"\\u5fae\\u4fe1\\u5e73\\u53f0\"}'  WHERE  `openid` = 'oGxoe1VMYH4M3Np_ITy1kxRKGUEw'  AND `app_id` = 'wx4612824b7c9f43b5' [ RunTime:0.011719s ]
