---------------------------------------------------------------
[ 2018-05-28T15:20:29+08:00 ] 122.114.61.97 182.139.28.6 GET /api/index.php/wxapp/Public/login/?code=001pDpjT0qhekY1JcSkT0CIljT0pDpjE&state=http%3A%2F%2Fwx.ccapp.com.cn%2Fuser%2Findex%2Fscan_order%2Fid%2F7
[ info ] wx.ccapp.com.cn/api/index.php/wxapp/Public/login/?code=001pDpjT0qhekY1JcSkT0CIljT0pDpjE&state=http%3A%2F%2Fwx.ccapp.com.cn%2Fuser%2Findex%2Fscan_order%2Fid%2F7 [运行时间：2.562500s][吞吐率：0.39req/s] [内存消耗：1,961.10kb] [文件加载：54]
[ info ] [ DB ] INIT mysql
[ info ] [ BEHAVIOR ] Run cmf\behavior\InitHookBehavior @app_init [ RunTime:0.031250s ]
[ info ] [ LANG ] D:\wwwroot\wx_cwyx\wwwroot\simplewind\thinkphp\lang\zh-cn.php
[ info ] [ ROUTE ] array (
  'type' => 'module',
  'module' => 
  array (
    0 => 'wxapp',
    1 => 'Public',
    2 => 'login',
  ),
)
[ info ] [ HEADER ] array (
  'connection' => 'close',
  'accept-encoding' => 'gzip, deflate',
  'accept-language' => 'zh-cn',
  'user-agent' => 'Mozilla/5.0 (iPhone; CPU iPhone OS 11_3 like Mac OS X) AppleWebKit/605.1.15 (KHTML, like Gecko) Mobile/15E302 MicroMessenger/6.6.7 NetType/WIFI Language/zh_CN',
  'cookie' => 'PHPSESSID=hr9b1gvrce6s40i0u317bbu5m0; yunsuo_leech_key=101; yunsuo_session_verify=eff518b620004748743757e654dd6b12',
  'upgrade-insecure-requests' => '1',
  'accept' => 'text/html,application/xhtml+xml,application/xml;q=0.9,*/*;q=0.8',
  'host' => 'wx.ccapp.com.cn',
)
[ info ] [ PARAM ] array (
  'code' => '001pDpjT0qhekY1JcSkT0CIljT0pDpjE',
  'state' => 'http://wx.ccapp.com.cn/user/index/scan_order/id/7',
)
[ info ] [ LANG ] D:\wwwroot\wx_cwyx\wwwroot\public\api/../../simplewind/cmf/lang\zh-cn.php
[ info ] [ BEHAVIOR ] Run cmf\behavior\LangBehavior @app_begin [ RunTime:0.000000s ]
[ info ] [ RUN ] api\wxapp\controller\PublicController->login[ D:\wwwroot\wx_cwyx\wwwroot\api\wxapp\controller\PublicController.php ]
[ info ] [ SESSION ] INIT array (
  'id' => '',
  'var_session_id' => '',
  'prefix' => 'think',
  'type' => '',
  'auto_start' => true,
)
[ info ] [ LOG ] INIT File
[ sql ] [ DB ] CONNECT:[ UseTime:0.015625s ] mysql:dbname=xjyapplet;host=127.0.0.1;port=3306;charset=utf8
[ sql ] [ SQL ] SHOW COLUMNS FROM `xjy_hook_plugin` [ RunTime:0.000000s ]
[ sql ] [ SQL ] SELECT `hook`,`plugin` FROM `xjy_hook_plugin` WHERE  `status` = 1 ORDER BY list_order ASC [ RunTime:0.000000s ]
[ sql ] [ SQL ] SHOW COLUMNS FROM `xjy_third_party_user` [ RunTime:0.015625s ]
[ sql ] [ SQL ] SELECT * FROM `xjy_third_party_user` WHERE  `openid` = 'oGxoe1VxD1CQbWK5UrSM0HHlUu4k'  AND `app_id` = 'wx4612824b7c9f43b5' LIMIT 1 [ RunTime:0.000000s ]
[ sql ] [ SQL ] SHOW COLUMNS FROM `xjy_user` [ RunTime:0.015625s ]
[ sql ] [ SQL ] SELECT * FROM `xjy_user` WHERE  `id` = 20 LIMIT 1 [ RunTime:0.000000s ]
[ sql ] [ SQL ] SHOW COLUMNS FROM `xjy_user_token` [ RunTime:0.015625s ]
[ sql ] [ SQL ] SELECT * FROM `xjy_user_token` WHERE  `user_id` = 20  AND `device_type` = 'wxapp' LIMIT 1 [ RunTime:0.015625s ]
[ sql ] [ SQL ] UPDATE `xjy_user_token`  SET `token`='0c6160b820a84703e8c7a819ff5bc1520c6160b820a84703e8c7a819ff5bc152',`expire_time`=1543044029,`create_time`=1527492029  WHERE  `user_id` = 20  AND `device_type` = 'wxapp' [ RunTime:0.000000s ]
[ sql ] [ SQL ] UPDATE `xjy_third_party_user`  SET `last_login_ip`='182.139.28.6',`last_login_time`=1527492029,`login_times`=login_times+1,`more`='{\"gender\":1,\"nickName\":\"\\u9ece\\u6d69\",\"avatarUrl\":\"http:\\/\\/thirdwx.qlogo.cn\\/mmopen\\/vi_32\\/Q0j4TwGTfTJVVBpDhvNsU3eJ8ynXzhlalc5icSYcJ3dsePDXb3MnvUIaAG8HyMXsyQYckThB9KqGibsvaFVmECaQ\\/132\",\"user_address\":\"\\u56db\\u5ddd\\u6210\\u90fd\",\"union_id\":\"\\u5fae\\u4fe1\\u5e73\\u53f0\"}'  WHERE  `openid` = 'oGxoe1VxD1CQbWK5UrSM0HHlUu4k'  AND `app_id` = 'wx4612824b7c9f43b5' [ RunTime:0.015625s ]
---------------------------------------------------------------
[ 2018-05-28T15:24:16+08:00 ] 122.114.61.97 182.139.28.6 GET /api/index.php/wxapp/Public/login/?code=061sSgR81KCc7R170VR81dV8R81sSgRl&state=http%3A%2F%2Fwx.ccapp.com.cn%2Fuser%2Findex%2Ffoodlist%2Fparent_id%2F179.html
[ info ] wx.ccapp.com.cn/api/index.php/wxapp/Public/login/?code=061sSgR81KCc7R170VR81dV8R81sSgRl&state=http%3A%2F%2Fwx.ccapp.com.cn%2Fuser%2Findex%2Ffoodlist%2Fparent_id%2F179.html [运行时间：0.968750s][吞吐率：1.03req/s] [内存消耗：1,961.65kb] [文件加载：54]
[ info ] [ DB ] INIT mysql
[ info ] [ BEHAVIOR ] Run cmf\behavior\InitHookBehavior @app_init [ RunTime:0.046875s ]
[ info ] [ LANG ] D:\wwwroot\wx_cwyx\wwwroot\simplewind\thinkphp\lang\zh-cn.php
[ info ] [ ROUTE ] array (
  'type' => 'module',
  'module' => 
  array (
    0 => 'wxapp',
    1 => 'Public',
    2 => 'login',
  ),
)
[ info ] [ HEADER ] array (
  'cookie' => 'PHPSESSID=9t1gddno4pprh24up8onuk0oq7; yunsuo_session_verify=eff518b620004748743757e654dd6b12; yunsuo_leech_key=101',
  'accept-language' => 'zh-CN,zh;q=0.8,en-us;q=0.6,en;q=0.5;q=0.4',
  'accept-encoding' => 'gzip, deflate',
  'user-agent' => 'Mozilla/5.0 (Windows NT 6.1; WOW64) AppleWebKit/537.36 (KHTML, like Gecko) Chrome/39.0.2171.95 Safari/537.36 MicroMessenger/6.5.2.501 NetType/WIFI WindowsWechat QBCore/3.43.691.400 QQBrowser/9.0.2524.400',
  'accept' => 'text/html,application/xhtml+xml,application/xml;q=0.9,image/webp,*/*;q=0.8',
  'cache-control' => 'max-age=0',
  'connection' => 'close',
  'host' => 'wx.ccapp.com.cn',
)
[ info ] [ PARAM ] array (
  'code' => '061sSgR81KCc7R170VR81dV8R81sSgRl',
  'state' => 'http://wx.ccapp.com.cn/user/index/foodlist/parent_id/179.html',
)
[ info ] [ LANG ] D:\wwwroot\wx_cwyx\wwwroot\public\api/../../simplewind/cmf/lang\zh-cn.php
[ info ] [ BEHAVIOR ] Run cmf\behavior\LangBehavior @app_begin [ RunTime:0.000000s ]
[ info ] [ RUN ] api\wxapp\controller\PublicController->login[ D:\wwwroot\wx_cwyx\wwwroot\api\wxapp\controller\PublicController.php ]
[ info ] [ SESSION ] INIT array (
  'id' => '',
  'var_session_id' => '',
  'prefix' => 'think',
  'type' => '',
  'auto_start' => true,
)
[ info ] [ LOG ] INIT File
[ sql ] [ DB ] CONNECT:[ UseTime:0.015625s ] mysql:dbname=xjyapplet;host=127.0.0.1;port=3306;charset=utf8
[ sql ] [ SQL ] SHOW COLUMNS FROM `xjy_hook_plugin` [ RunTime:0.015625s ]
[ sql ] [ SQL ] SELECT `hook`,`plugin` FROM `xjy_hook_plugin` WHERE  `status` = 1 ORDER BY list_order ASC [ RunTime:0.000000s ]
[ sql ] [ SQL ] SHOW COLUMNS FROM `xjy_third_party_user` [ RunTime:0.046875s ]
[ sql ] [ SQL ] SELECT * FROM `xjy_third_party_user` WHERE  `openid` = 'oGxoe1VMYH4M3Np_ITy1kxRKGUEw'  AND `app_id` = 'wx4612824b7c9f43b5' LIMIT 1 [ RunTime:0.000000s ]
[ sql ] [ SQL ] SHOW COLUMNS FROM `xjy_user` [ RunTime:0.031250s ]
[ sql ] [ SQL ] SELECT * FROM `xjy_user` WHERE  `id` = 21 LIMIT 1 [ RunTime:0.000000s ]
[ sql ] [ SQL ] SHOW COLUMNS FROM `xjy_user_token` [ RunTime:0.015625s ]
[ sql ] [ SQL ] SELECT * FROM `xjy_user_token` WHERE  `user_id` = 21  AND `device_type` = 'wxapp' LIMIT 1 [ RunTime:0.000000s ]
[ sql ] [ SQL ] UPDATE `xjy_user_token`  SET `token`='8e4d87b5a8dd5df0118238832aed5a3a8e4d87b5a8dd5df0118238832aed5a3a',`expire_time`=1543044256,`create_time`=1527492256  WHERE  `user_id` = 21  AND `device_type` = 'wxapp' [ RunTime:0.015625s ]
[ sql ] [ SQL ] UPDATE `xjy_third_party_user`  SET `last_login_ip`='182.139.28.6',`last_login_time`=1527492256,`login_times`=login_times+1,`more`='{\"gender\":1,\"nickName\":\"\\u8c22\\u946b\\u78ca\",\"avatarUrl\":\"http:\\/\\/thirdwx.qlogo.cn\\/mmopen\\/vi_32\\/FnfnEco7BdgKxoHHcyvTCbeCDureVVREsoovd0TuNUmZ55iaVPgLUmB5Ha6WBxrryp2sPPpJLBV4VEm5PvnlJcw\\/132\",\"user_address\":\"\\u56db\\u5ddd\\u6210\\u90fd\",\"union_id\":\"\\u5fae\\u4fe1\\u5e73\\u53f0\"}'  WHERE  `openid` = 'oGxoe1VMYH4M3Np_ITy1kxRKGUEw'  AND `app_id` = 'wx4612824b7c9f43b5' [ RunTime:0.015625s ]
---------------------------------------------------------------
[ 2018-05-28T17:45:49+08:00 ] 122.114.61.97 182.139.28.6 GET /api/index.php/wxapp/Public/login/?code=021XYQZI000Txh2CAt1J05tIZI0XYQZr&state=http%3A%2F%2Fwx.ccapp.com.cn%2Fuser%2Findex%2Fscan_order%2Fid%2F7
[ info ] wx.ccapp.com.cn/api/index.php/wxapp/Public/login/?code=021XYQZI000Txh2CAt1J05tIZI0XYQZr&state=http%3A%2F%2Fwx.ccapp.com.cn%2Fuser%2Findex%2Fscan_order%2Fid%2F7 [运行时间：0.968750s][吞吐率：1.03req/s] [内存消耗：1,961.10kb] [文件加载：54]
[ info ] [ DB ] INIT mysql
[ info ] [ BEHAVIOR ] Run cmf\behavior\InitHookBehavior @app_init [ RunTime:0.062500s ]
[ info ] [ LANG ] D:\wwwroot\wx_cwyx\wwwroot\simplewind\thinkphp\lang\zh-cn.php
[ info ] [ ROUTE ] array (
  'type' => 'module',
  'module' => 
  array (
    0 => 'wxapp',
    1 => 'Public',
    2 => 'login',
  ),
)
[ info ] [ HEADER ] array (
  'connection' => 'close',
  'accept-encoding' => 'gzip, deflate',
  'accept-language' => 'zh-cn',
  'user-agent' => 'Mozilla/5.0 (iPhone; CPU iPhone OS 11_3 like Mac OS X) AppleWebKit/605.1.15 (KHTML, like Gecko) Mobile/15E302 MicroMessenger/6.6.7 NetType/WIFI Language/zh_CN',
  'cookie' => 'PHPSESSID=4gp24cmmk3hc83tmu1ljeo5lv0; yunsuo_leech_key=95; yunsuo_session_verify=eff518b620004748743757e654dd6b12',
  'upgrade-insecure-requests' => '1',
  'accept' => 'text/html,application/xhtml+xml,application/xml;q=0.9,*/*;q=0.8',
  'host' => 'wx.ccapp.com.cn',
)
[ info ] [ PARAM ] array (
  'code' => '021XYQZI000Txh2CAt1J05tIZI0XYQZr',
  'state' => 'http://wx.ccapp.com.cn/user/index/scan_order/id/7',
)
[ info ] [ LANG ] D:\wwwroot\wx_cwyx\wwwroot\public\api/../../simplewind/cmf/lang\zh-cn.php
[ info ] [ BEHAVIOR ] Run cmf\behavior\LangBehavior @app_begin [ RunTime:0.015625s ]
[ info ] [ RUN ] api\wxapp\controller\PublicController->login[ D:\wwwroot\wx_cwyx\wwwroot\api\wxapp\controller\PublicController.php ]
[ info ] [ SESSION ] INIT array (
  'id' => '',
  'var_session_id' => '',
  'prefix' => 'think',
  'type' => '',
  'auto_start' => true,
)
[ info ] [ LOG ] INIT File
[ sql ] [ DB ] CONNECT:[ UseTime:0.031250s ] mysql:dbname=xjyapplet;host=127.0.0.1;port=3306;charset=utf8
[ sql ] [ SQL ] SHOW COLUMNS FROM `xjy_hook_plugin` [ RunTime:0.015625s ]
[ sql ] [ SQL ] SELECT `hook`,`plugin` FROM `xjy_hook_plugin` WHERE  `status` = 1 ORDER BY list_order ASC [ RunTime:0.015625s ]
[ sql ] [ SQL ] SHOW COLUMNS FROM `xjy_third_party_user` [ RunTime:0.015625s ]
[ sql ] [ SQL ] SELECT * FROM `xjy_third_party_user` WHERE  `openid` = 'oGxoe1VxD1CQbWK5UrSM0HHlUu4k'  AND `app_id` = 'wx4612824b7c9f43b5' LIMIT 1 [ RunTime:0.015625s ]
[ sql ] [ SQL ] SHOW COLUMNS FROM `xjy_user` [ RunTime:0.031250s ]
[ sql ] [ SQL ] SELECT * FROM `xjy_user` WHERE  `id` = 20 LIMIT 1 [ RunTime:0.000000s ]
[ sql ] [ SQL ] SHOW COLUMNS FROM `xjy_user_token` [ RunTime:0.015625s ]
[ sql ] [ SQL ] SELECT * FROM `xjy_user_token` WHERE  `user_id` = 20  AND `device_type` = 'wxapp' LIMIT 1 [ RunTime:0.015625s ]
[ sql ] [ SQL ] UPDATE `xjy_user_token`  SET `token`='5822575afde9cbb3674717625692e98a5822575afde9cbb3674717625692e98a',`expire_time`=1543052749,`create_time`=1527500749  WHERE  `user_id` = 20  AND `device_type` = 'wxapp' [ RunTime:0.000000s ]
[ sql ] [ SQL ] UPDATE `xjy_third_party_user`  SET `last_login_ip`='182.139.28.6',`last_login_time`=1527500749,`login_times`=login_times+1,`more`='{\"gender\":1,\"nickName\":\"\\u9ece\\u6d69\",\"avatarUrl\":\"http:\\/\\/thirdwx.qlogo.cn\\/mmopen\\/vi_32\\/Q0j4TwGTfTJVVBpDhvNsU3eJ8ynXzhlalc5icSYcJ3dsePDXb3MnvUIaAG8HyMXsyQYckThB9KqGibsvaFVmECaQ\\/132\",\"user_address\":\"\\u56db\\u5ddd\\u6210\\u90fd\",\"union_id\":\"\\u5fae\\u4fe1\\u5e73\\u53f0\"}'  WHERE  `openid` = 'oGxoe1VxD1CQbWK5UrSM0HHlUu4k'  AND `app_id` = 'wx4612824b7c9f43b5' [ RunTime:0.015625s ]
---------------------------------------------------------------
[ 2018-05-28T18:42:56+08:00 ] 122.114.61.97 182.139.28.6 GET /api/index.php/wxapp/Public/login/?code=001PmmLM17LNr41tIhKM11s1LM1PmmL0&state=http%3A%2F%2Fwx.ccapp.com.cn%2Fuser%2Findex%2Fscan_order%2Fid%2F28
[ info ] wx.ccapp.com.cn/api/index.php/wxapp/Public/login/?code=001PmmLM17LNr41tIhKM11s1LM1PmmL0&state=http%3A%2F%2Fwx.ccapp.com.cn%2Fuser%2Findex%2Fscan_order%2Fid%2F28 [运行时间：0.859375s][吞吐率：1.16req/s] [内存消耗：1,961.10kb] [文件加载：54]
[ info ] [ DB ] INIT mysql
[ info ] [ BEHAVIOR ] Run cmf\behavior\InitHookBehavior @app_init [ RunTime:0.046875s ]
[ info ] [ LANG ] D:\wwwroot\wx_cwyx\wwwroot\simplewind\thinkphp\lang\zh-cn.php
[ info ] [ ROUTE ] array (
  'type' => 'module',
  'module' => 
  array (
    0 => 'wxapp',
    1 => 'Public',
    2 => 'login',
  ),
)
[ info ] [ HEADER ] array (
  'connection' => 'close',
  'accept-encoding' => 'gzip, deflate',
  'accept-language' => 'zh-cn',
  'user-agent' => 'Mozilla/5.0 (iPhone; CPU iPhone OS 11_3 like Mac OS X) AppleWebKit/605.1.15 (KHTML, like Gecko) Mobile/15E302 MicroMessenger/6.6.7 NetType/WIFI Language/zh_CN',
  'cookie' => 'PHPSESSID=l30h00gig83sdc8rsh7hcpj6g7; yunsuo_leech_key=59; yunsuo_session_verify=eff518b620004748743757e654dd6b12',
  'upgrade-insecure-requests' => '1',
  'accept' => 'text/html,application/xhtml+xml,application/xml;q=0.9,*/*;q=0.8',
  'host' => 'wx.ccapp.com.cn',
)
[ info ] [ PARAM ] array (
  'code' => '001PmmLM17LNr41tIhKM11s1LM1PmmL0',
  'state' => 'http://wx.ccapp.com.cn/user/index/scan_order/id/28',
)
[ info ] [ LANG ] D:\wwwroot\wx_cwyx\wwwroot\public\api/../../simplewind/cmf/lang\zh-cn.php
[ info ] [ BEHAVIOR ] Run cmf\behavior\LangBehavior @app_begin [ RunTime:0.000000s ]
[ info ] [ RUN ] api\wxapp\controller\PublicController->login[ D:\wwwroot\wx_cwyx\wwwroot\api\wxapp\controller\PublicController.php ]
[ info ] [ SESSION ] INIT array (
  'id' => '',
  'var_session_id' => '',
  'prefix' => 'think',
  'type' => '',
  'auto_start' => true,
)
[ info ] [ LOG ] INIT File
[ sql ] [ DB ] CONNECT:[ UseTime:0.015625s ] mysql:dbname=xjyapplet;host=127.0.0.1;port=3306;charset=utf8
[ sql ] [ SQL ] SHOW COLUMNS FROM `xjy_hook_plugin` [ RunTime:0.000000s ]
[ sql ] [ SQL ] SELECT `hook`,`plugin` FROM `xjy_hook_plugin` WHERE  `status` = 1 ORDER BY list_order ASC [ RunTime:0.000000s ]
[ sql ] [ SQL ] SHOW COLUMNS FROM `xjy_third_party_user` [ RunTime:0.031250s ]
[ sql ] [ SQL ] SELECT * FROM `xjy_third_party_user` WHERE  `openid` = 'oGxoe1VxD1CQbWK5UrSM0HHlUu4k'  AND `app_id` = 'wx4612824b7c9f43b5' LIMIT 1 [ RunTime:0.000000s ]
[ sql ] [ SQL ] SHOW COLUMNS FROM `xjy_user` [ RunTime:0.015625s ]
[ sql ] [ SQL ] SELECT * FROM `xjy_user` WHERE  `id` = 20 LIMIT 1 [ RunTime:0.000000s ]
[ sql ] [ SQL ] SHOW COLUMNS FROM `xjy_user_token` [ RunTime:0.000000s ]
[ sql ] [ SQL ] SELECT * FROM `xjy_user_token` WHERE  `user_id` = 20  AND `device_type` = 'wxapp' LIMIT 1 [ RunTime:0.000000s ]
[ sql ] [ SQL ] UPDATE `xjy_user_token`  SET `token`='c49b0ba8129a8735fd43463ac5a3a4adc49b0ba8129a8735fd43463ac5a3a4ad',`expire_time`=1543056176,`create_time`=1527504176  WHERE  `user_id` = 20  AND `device_type` = 'wxapp' [ RunTime:0.031250s ]
[ sql ] [ SQL ] UPDATE `xjy_third_party_user`  SET `last_login_ip`='182.139.28.6',`last_login_time`=1527504176,`login_times`=login_times+1,`more`='{\"gender\":1,\"nickName\":\"\\u9ece\\u6d69\",\"avatarUrl\":\"http:\\/\\/thirdwx.qlogo.cn\\/mmopen\\/vi_32\\/Q0j4TwGTfTJVVBpDhvNsU3eJ8ynXzhlalc5icSYcJ3dsePDXb3MnvUIaAG8HyMXsyQYckThB9KqGibsvaFVmECaQ\\/132\",\"user_address\":\"\\u56db\\u5ddd\\u6210\\u90fd\",\"union_id\":\"\\u5fae\\u4fe1\\u5e73\\u53f0\"}'  WHERE  `openid` = 'oGxoe1VxD1CQbWK5UrSM0HHlUu4k'  AND `app_id` = 'wx4612824b7c9f43b5' [ RunTime:0.015625s ]
