---------------------------------------------------------------
[ 2018-05-07T09:16:10+08:00 ] 122.114.61.97 118.112.123.232 GET /favicon.ico
[ sql ] [ DB ] CONNECT:[ UseTime:0.015625s ] mysql:dbname=xjyapplet;host=127.0.0.1;port=3306;charset=utf8
[ sql ] [ SQL ] SHOW COLUMNS FROM `xjy_hook_plugin` [ RunTime:0.031250s ]
[ sql ] [ SQL ] SELECT `hook`,`plugin` FROM `xjy_hook_plugin` WHERE  `status` = 1 ORDER BY list_order ASC [ RunTime:0.000000s ]
---------------------------------------------------------------
[ 2018-05-07T09:17:56+08:00 ] 122.114.61.97 118.112.123.232 GET /favicon.ico
[ sql ] [ DB ] CONNECT:[ UseTime:0.015625s ] mysql:dbname=xjyapplet;host=127.0.0.1;port=3306;charset=utf8
[ sql ] [ SQL ] SHOW COLUMNS FROM `xjy_hook_plugin` [ RunTime:0.015625s ]
[ sql ] [ SQL ] SELECT `hook`,`plugin` FROM `xjy_hook_plugin` WHERE  `status` = 1 ORDER BY list_order ASC [ RunTime:0.000000s ]
---------------------------------------------------------------
[ 2018-05-07T09:17:57+08:00 ] 122.114.61.97 118.112.123.232 GET /favicon.ico
[ sql ] [ DB ] CONNECT:[ UseTime:0.015625s ] mysql:dbname=xjyapplet;host=127.0.0.1;port=3306;charset=utf8
[ sql ] [ SQL ] SHOW COLUMNS FROM `xjy_hook_plugin` [ RunTime:0.000000s ]
[ sql ] [ SQL ] SELECT `hook`,`plugin` FROM `xjy_hook_plugin` WHERE  `status` = 1 ORDER BY list_order ASC [ RunTime:0.000000s ]
---------------------------------------------------------------
[ 2018-05-07T10:22:48+08:00 ] 122.114.61.97 118.112.123.232 GET /favicon.ico
[ sql ] [ DB ] CONNECT:[ UseTime:0.015625s ] mysql:dbname=xjyapplet;host=127.0.0.1;port=3306;charset=utf8
[ sql ] [ SQL ] SHOW COLUMNS FROM `xjy_hook_plugin` [ RunTime:0.000000s ]
[ sql ] [ SQL ] SELECT `hook`,`plugin` FROM `xjy_hook_plugin` WHERE  `status` = 1 ORDER BY list_order ASC [ RunTime:0.000000s ]
---------------------------------------------------------------
[ 2018-05-07T10:22:51+08:00 ] 122.114.61.97 118.112.123.232 GET /favicon.ico
[ sql ] [ DB ] CONNECT:[ UseTime:0.015625s ] mysql:dbname=xjyapplet;host=127.0.0.1;port=3306;charset=utf8
[ sql ] [ SQL ] SHOW COLUMNS FROM `xjy_hook_plugin` [ RunTime:0.015625s ]
[ sql ] [ SQL ] SELECT `hook`,`plugin` FROM `xjy_hook_plugin` WHERE  `status` = 1 ORDER BY list_order ASC [ RunTime:0.000000s ]
---------------------------------------------------------------
[ 2018-05-07T10:38:21+08:00 ] 122.114.61.97 118.112.123.232 GET /favicon.ico
[ sql ] [ DB ] CONNECT:[ UseTime:0.015625s ] mysql:dbname=xjyapplet;host=127.0.0.1;port=3306;charset=utf8
[ sql ] [ SQL ] SHOW COLUMNS FROM `xjy_hook_plugin` [ RunTime:0.000000s ]
[ sql ] [ SQL ] SELECT `hook`,`plugin` FROM `xjy_hook_plugin` WHERE  `status` = 1 ORDER BY list_order ASC [ RunTime:0.015625s ]
---------------------------------------------------------------
[ 2018-05-07T10:41:25+08:00 ] 122.114.61.97 118.112.123.232 GET /favicon.ico
[ sql ] [ DB ] CONNECT:[ UseTime:0.015625s ] mysql:dbname=xjyapplet;host=127.0.0.1;port=3306;charset=utf8
[ sql ] [ SQL ] SHOW COLUMNS FROM `xjy_hook_plugin` [ RunTime:0.000000s ]
[ sql ] [ SQL ] SELECT `hook`,`plugin` FROM `xjy_hook_plugin` WHERE  `status` = 1 ORDER BY list_order ASC [ RunTime:0.000000s ]
---------------------------------------------------------------
[ 2018-05-07T10:41:31+08:00 ] 122.114.61.97 118.112.123.232 GET /favicon.ico
[ sql ] [ DB ] CONNECT:[ UseTime:0.015625s ] mysql:dbname=xjyapplet;host=127.0.0.1;port=3306;charset=utf8
[ sql ] [ SQL ] SHOW COLUMNS FROM `xjy_hook_plugin` [ RunTime:0.000000s ]
[ sql ] [ SQL ] SELECT `hook`,`plugin` FROM `xjy_hook_plugin` WHERE  `status` = 1 ORDER BY list_order ASC [ RunTime:0.015625s ]
---------------------------------------------------------------
[ 2018-05-07T11:43:47+08:00 ] 122.114.61.97 222.211.182.233 GET /favicon.ico
[ sql ] [ DB ] CONNECT:[ UseTime:0.003906s ] mysql:dbname=xjyapplet;host=127.0.0.1;port=3306;charset=utf8
[ sql ] [ SQL ] SHOW COLUMNS FROM `xjy_hook_plugin` [ RunTime:0.008790s ]
[ sql ] [ SQL ] SELECT `hook`,`plugin` FROM `xjy_hook_plugin` WHERE  `status` = 1 ORDER BY list_order ASC [ RunTime:0.000976s ]
---------------------------------------------------------------
[ 2018-05-07T11:43:49+08:00 ] 122.114.61.97 222.211.182.233 GET /YunJiuMin.html
[ sql ] [ DB ] CONNECT:[ UseTime:0.012695s ] mysql:dbname=xjyapplet;host=127.0.0.1;port=3306;charset=utf8
[ sql ] [ SQL ] SHOW COLUMNS FROM `xjy_hook_plugin` [ RunTime:0.006836s ]
[ sql ] [ SQL ] SELECT `hook`,`plugin` FROM `xjy_hook_plugin` WHERE  `status` = 1 ORDER BY list_order ASC [ RunTime:0.000000s ]
[ sql ] [ SQL ] SHOW COLUMNS FROM `xjy_role_user` [ RunTime:0.018555s ]
[ sql ] [ SQL ] SELECT `role_id` FROM `xjy_role_user` WHERE  `user_id` = 0 LIMIT 1 [ RunTime:0.000976s ]
---------------------------------------------------------------
[ 2018-05-07T11:43:49+08:00 ] 122.114.61.97 222.211.182.233 GET /admin/public/login.html
[ sql ] [ DB ] CONNECT:[ UseTime:0.013672s ] mysql:dbname=xjyapplet;host=127.0.0.1;port=3306;charset=utf8
[ sql ] [ SQL ] SHOW COLUMNS FROM `xjy_hook_plugin` [ RunTime:0.007812s ]
[ sql ] [ SQL ] SELECT `hook`,`plugin` FROM `xjy_hook_plugin` WHERE  `status` = 1 ORDER BY list_order ASC [ RunTime:0.002930s ]
[ sql ] [ SQL ] SHOW COLUMNS FROM `xjy_plugin` [ RunTime:0.020508s ]
[ sql ] [ SQL ] SELECT `config` FROM `xjy_plugin` WHERE  `name` = 'CustomAdminLogin' LIMIT 1 [ RunTime:0.000977s ]
---------------------------------------------------------------
[ 2018-05-07T11:43:50+08:00 ] 122.114.61.97 222.211.182.233 GET /captcha/new.html?height=32&width=150&font_size=18
[ sql ] [ DB ] CONNECT:[ UseTime:0.002930s ] mysql:dbname=xjyapplet;host=127.0.0.1;port=3306;charset=utf8
[ sql ] [ SQL ] SHOW COLUMNS FROM `xjy_hook_plugin` [ RunTime:0.008789s ]
[ sql ] [ SQL ] SELECT `hook`,`plugin` FROM `xjy_hook_plugin` WHERE  `status` = 1 ORDER BY list_order ASC [ RunTime:0.000977s ]
---------------------------------------------------------------
[ 2018-05-07T11:44:17+08:00 ] 122.114.61.97 222.211.182.233 GET /captcha/new.html?height=32&width=150&font_size=18&time=0.14070451782571713
[ sql ] [ DB ] CONNECT:[ UseTime:0.012695s ] mysql:dbname=xjyapplet;host=127.0.0.1;port=3306;charset=utf8
[ sql ] [ SQL ] SHOW COLUMNS FROM `xjy_hook_plugin` [ RunTime:0.007812s ]
[ sql ] [ SQL ] SELECT `hook`,`plugin` FROM `xjy_hook_plugin` WHERE  `status` = 1 ORDER BY list_order ASC [ RunTime:0.001953s ]
---------------------------------------------------------------
[ 2018-05-07T11:44:18+08:00 ] 122.114.61.97 222.211.182.233 GET /captcha/new.html?height=32&width=150&font_size=18&time=0.5433245812223388
[ sql ] [ DB ] CONNECT:[ UseTime:0.012695s ] mysql:dbname=xjyapplet;host=127.0.0.1;port=3306;charset=utf8
[ sql ] [ SQL ] SHOW COLUMNS FROM `xjy_hook_plugin` [ RunTime:0.009766s ]
[ sql ] [ SQL ] SELECT `hook`,`plugin` FROM `xjy_hook_plugin` WHERE  `status` = 1 ORDER BY list_order ASC [ RunTime:0.000976s ]
---------------------------------------------------------------
[ 2018-05-07T11:44:26+08:00 ] 122.114.61.97 222.211.182.233 POST /admin/public/dologin.html
[ sql ] [ DB ] CONNECT:[ UseTime:0.012695s ] mysql:dbname=xjyapplet;host=127.0.0.1;port=3306;charset=utf8
[ sql ] [ SQL ] SHOW COLUMNS FROM `xjy_hook_plugin` [ RunTime:0.007812s ]
[ sql ] [ SQL ] SELECT `hook`,`plugin` FROM `xjy_hook_plugin` WHERE  `status` = 1 ORDER BY list_order ASC [ RunTime:0.000977s ]
---------------------------------------------------------------
[ 2018-05-07T11:44:27+08:00 ] 122.114.61.97 222.211.182.233 GET /captcha/new.html?height=32&width=150&font_size=18&time=0.5433245812223388&refresh=0.09214387735622359
[ sql ] [ DB ] CONNECT:[ UseTime:0.014648s ] mysql:dbname=xjyapplet;host=127.0.0.1;port=3306;charset=utf8
[ sql ] [ SQL ] SHOW COLUMNS FROM `xjy_hook_plugin` [ RunTime:0.022461s ]
[ sql ] [ SQL ] SELECT `hook`,`plugin` FROM `xjy_hook_plugin` WHERE  `status` = 1 ORDER BY list_order ASC [ RunTime:0.000976s ]
---------------------------------------------------------------
[ 2018-05-07T11:44:37+08:00 ] 122.114.61.97 222.211.182.233 POST /admin/public/dologin.html
[ sql ] [ DB ] CONNECT:[ UseTime:0.011718s ] mysql:dbname=xjyapplet;host=127.0.0.1;port=3306;charset=utf8
[ sql ] [ SQL ] SHOW COLUMNS FROM `xjy_hook_plugin` [ RunTime:0.009766s ]
[ sql ] [ SQL ] SELECT `hook`,`plugin` FROM `xjy_hook_plugin` WHERE  `status` = 1 ORDER BY list_order ASC [ RunTime:0.000976s ]
[ sql ] [ SQL ] SHOW COLUMNS FROM `xjy_user` [ RunTime:0.090820s ]
[ sql ] [ SQL ] SELECT * FROM `xjy_user` WHERE  `user_login` = 'bilibili' LIMIT 1 [ RunTime:0.000977s ]
[ sql ] [ SQL ] SHOW COLUMNS FROM `xjy_role_user` [ RunTime:0.002930s ]
[ sql ] [ SQL ] SELECT `role_id` FROM `xjy_role_user` `a` INNER JOIN `xjy_role` `b` ON `a`.`role_id`=`b`.`id` WHERE  `user_id` = 10  AND `status` = 1 LIMIT 1 [ RunTime:0.003906s ]
[ sql ] [ SQL ] SHOW COLUMNS FROM `xjy_user_token` [ RunTime:0.009766s ]
[ sql ] [ SQL ] SELECT * FROM `xjy_user_token` WHERE  `user_id` = 10  AND `device_type` = 'web' LIMIT 1 [ RunTime:0.001953s ]
[ sql ] [ SQL ] UPDATE `xjy_user_token`  SET `token`='52e5564a865194ef3134bbb68899f4d352e5564a865194ef3134bbb68899f4d3',`expire_time`=1541216677,`create_time`=1525664677  WHERE  `user_id` = 10  AND `device_type` = 'web' [ RunTime:0.305664s ]
[ sql ] [ SQL ] UPDATE `xjy_user`  SET `parent_id`=1,`user_type`=2,`sex`=1,`birthday`=739814400,`last_login_time`=1525664677,`score`=0,`coin`=0,`create_time`=0,`user_status`=1,`user_nickname`='哔哩哔哩',`user_lv`=1,`user_email`='1101@qq.com',`user_address`='',`user_url`='',`avatar`='',`signature`='23333',`last_login_ip`='222.211.182.233',`user_activation_key`='',`mobile`='',`more`=NULL,`coupon`=0,`user_RMB`=800.02,`user_login`='bilibili',`user_pass`='###af86cfadf817a90bf88dcaa14a7fa0cd',`withdrawals_time`=1512992954,`seller_openid`='oKKb00KIIZt7e5ZMWWokcqq6y5jc',`seller_name`='黎波',`Alipay_RMB`=59.02  WHERE  `id` = 10 [ RunTime:0.007812s ]
---------------------------------------------------------------
[ 2018-05-07T11:44:40+08:00 ] 122.114.61.97 222.211.182.233 GET /YunJiuMin.html
[ sql ] [ DB ] CONNECT:[ UseTime:0.015625s ] mysql:dbname=xjyapplet;host=127.0.0.1;port=3306;charset=utf8
[ sql ] [ SQL ] SHOW COLUMNS FROM `xjy_hook_plugin` [ RunTime:0.012695s ]
[ sql ] [ SQL ] SELECT `hook`,`plugin` FROM `xjy_hook_plugin` WHERE  `status` = 1 ORDER BY list_order ASC [ RunTime:0.000977s ]
[ sql ] [ SQL ] SHOW COLUMNS FROM `xjy_role_user` [ RunTime:0.007813s ]
[ sql ] [ SQL ] SELECT `role_id` FROM `xjy_role_user` WHERE  `user_id` = 10 LIMIT 1 [ RunTime:0.000977s ]
[ sql ] [ SQL ] SHOW COLUMNS FROM `xjy_user` [ RunTime:0.006836s ]
[ sql ] [ SQL ] SELECT * FROM `xjy_user` WHERE  `id` = 10 LIMIT 1 [ RunTime:0.000976s ]
[ sql ] [ SQL ] SHOW COLUMNS FROM `xjy_admin_menu` [ RunTime:0.021484s ]
[ sql ] [ SQL ] SELECT * FROM `xjy_admin_menu` WHERE  `parent_id` = 0  AND `status` = 1 ORDER BY `list_order`  ASC [ RunTime:0.001953s ]
[ sql ] [ SQL ] SELECT `role_id` FROM `xjy_role_user` WHERE  `user_id` = 10 LIMIT 1 [ RunTime:0.001954s ]
[ sql ] [ SQL ] SELECT `role_id` FROM `xjy_role_user` WHERE  `user_id` = 10 LIMIT 1 [ RunTime:0.000976s ]
[ sql ] [ SQL ] SHOW COLUMNS FROM `xjy_auth_rule` [ RunTime:0.007813s ]
[ sql ] [ SQL ] SELECT COUNT(*) AS tp_count FROM `xjy_auth_rule` WHERE  `name` = 'admin/setting/default' LIMIT 1 [ RunTime:0.001953s ]
[ sql ] [ SQL ] SELECT `role_id` FROM `xjy_role_user` `a` INNER JOIN `xjy_role` `r` ON `a`.`role_id`=`r`.`id` WHERE  `a`.`user_id` = 10  AND `r`.`status` = 1 [ RunTime:0.001953s ]
[ sql ] [ SQL ] SHOW COLUMNS FROM `xjy_auth_access` [ RunTime:0.008789s ]
[ sql ] [ SQL ] SELECT * FROM `xjy_auth_access` `a` INNER JOIN `xjy_auth_rule` `b` ON `a`.`rule_name`=`b`.`name` WHERE  `a`.`role_id` IN (3)  AND `b`.`name` IN ('admin/setting/default') [ RunTime:0.000976s ]
[ sql ] [ SQL ] SELECT `role_id` FROM `xjy_role_user` WHERE  `user_id` = 10 LIMIT 1 [ RunTime:0.000977s ]
[ sql ] [ SQL ] SELECT COUNT(*) AS tp_count FROM `xjy_auth_rule` WHERE  `name` = 'user/adminindex/default' LIMIT 1 [ RunTime:0.000976s ]
[ sql ] [ SQL ] SELECT `role_id` FROM `xjy_role_user` `a` INNER JOIN `xjy_role` `r` ON `a`.`role_id`=`r`.`id` WHERE  `a`.`user_id` = 10  AND `r`.`status` = 1 [ RunTime:0.001953s ]
[ sql ] [ SQL ] SELECT * FROM `xjy_auth_access` `a` INNER JOIN `xjy_auth_rule` `b` ON `a`.`rule_name`=`b`.`name` WHERE  `a`.`role_id` IN (3)  AND `b`.`name` IN ('user/adminindex/default') [ RunTime:0.002930s ]
[ sql ] [ SQL ] SELECT `role_id` FROM `xjy_role_user` WHERE  `user_id` = 10 LIMIT 1 [ RunTime:0.001953s ]
[ sql ] [ SQL ] SELECT COUNT(*) AS tp_count FROM `xjy_auth_rule` WHERE  `name` = 'user/adminasset/index' LIMIT 1 [ RunTime:0.000000s ]
[ sql ] [ SQL ] SELECT `role_id` FROM `xjy_role_user` `a` INNER JOIN `xjy_role` `r` ON `a`.`role_id`=`r`.`id` WHERE  `a`.`user_id` = 10  AND `r`.`status` = 1 [ RunTime:0.000000s ]
[ sql ] [ SQL ] SELECT * FROM `xjy_auth_access` `a` INNER JOIN `xjy_auth_rule` `b` ON `a`.`rule_name`=`b`.`name` WHERE  `a`.`role_id` IN (3)  AND `b`.`name` IN ('user/adminasset/index') [ RunTime:0.000976s ]
[ sql ] [ SQL ] SELECT `role_id` FROM `xjy_role_user` WHERE  `user_id` = 10 LIMIT 1 [ RunTime:0.000000s ]
[ sql ] [ SQL ] SELECT COUNT(*) AS tp_count FROM `xjy_auth_rule` WHERE  `name` = 'admin/seller/default' LIMIT 1 [ RunTime:0.000000s ]
[ sql ] [ SQL ] SELECT `role_id` FROM `xjy_role_user` `a` INNER JOIN `xjy_role` `r` ON `a`.`role_id`=`r`.`id` WHERE  `a`.`user_id` = 10  AND `r`.`status` = 1 [ RunTime:0.000000s ]
[ sql ] [ SQL ] SELECT * FROM `xjy_auth_access` `a` INNER JOIN `xjy_auth_rule` `b` ON `a`.`rule_name`=`b`.`name` WHERE  `a`.`role_id` IN (3)  AND `b`.`name` IN ('admin/seller/default') [ RunTime:0.007812s ]
[ sql ] [ SQL ] SELECT `role_id` FROM `xjy_role_user` WHERE  `user_id` = 10 LIMIT 1 [ RunTime:0.000977s ]
[ sql ] [ SQL ] SELECT COUNT(*) AS tp_count FROM `xjy_auth_rule` WHERE  `name` = 'admin/order/default' LIMIT 1 [ RunTime:0.000977s ]
[ sql ] [ SQL ] SELECT `role_id` FROM `xjy_role_user` `a` INNER JOIN `xjy_role` `r` ON `a`.`role_id`=`r`.`id` WHERE  `a`.`user_id` = 10  AND `r`.`status` = 1 [ RunTime:0.000976s ]
[ sql ] [ SQL ] SELECT * FROM `xjy_auth_access` `a` INNER JOIN `xjy_auth_rule` `b` ON `a`.`rule_name`=`b`.`name` WHERE  `a`.`role_id` IN (3)  AND `b`.`name` IN ('admin/order/default') [ RunTime:0.000977s ]
[ sql ] [ SQL ] SELECT `role_id` FROM `xjy_role_user` WHERE  `user_id` = 10 LIMIT 1 [ RunTime:0.000000s ]
[ sql ] [ SQL ] SELECT COUNT(*) AS tp_count FROM `xjy_auth_rule` WHERE  `name` = 'admin/user/manage' LIMIT 1 [ RunTime:0.000977s ]
[ sql ] [ SQL ] SELECT `role_id` FROM `xjy_role_user` `a` INNER JOIN `xjy_role` `r` ON `a`.`role_id`=`r`.`id` WHERE  `a`.`user_id` = 10  AND `r`.`status` = 1 [ RunTime:0.000976s ]
[ sql ] [ SQL ] SELECT * FROM `xjy_auth_access` `a` INNER JOIN `xjy_auth_rule` `b` ON `a`.`rule_name`=`b`.`name` WHERE  `a`.`role_id` IN (3)  AND `b`.`name` IN ('admin/user/manage') [ RunTime:0.000977s ]
[ sql ] [ SQL ] SELECT `role_id` FROM `xjy_role_user` WHERE  `user_id` = 10 LIMIT 1 [ RunTime:0.000977s ]
[ sql ] [ SQL ] SELECT COUNT(*) AS tp_count FROM `xjy_auth_rule` WHERE  `name` = 'admin/cashier/index' LIMIT 1 [ RunTime:0.000976s ]
[ sql ] [ SQL ] SELECT `role_id` FROM `xjy_role_user` `a` INNER JOIN `xjy_role` `r` ON `a`.`role_id`=`r`.`id` WHERE  `a`.`user_id` = 10  AND `r`.`status` = 1 [ RunTime:0.000977s ]
[ sql ] [ SQL ] SELECT * FROM `xjy_auth_access` `a` INNER JOIN `xjy_auth_rule` `b` ON `a`.`rule_name`=`b`.`name` WHERE  `a`.`role_id` IN (3)  AND `b`.`name` IN ('admin/cashier/index') [ RunTime:0.000976s ]
[ sql ] [ SQL ] SELECT `role_id` FROM `xjy_role_user` WHERE  `user_id` = 10 LIMIT 1 [ RunTime:0.000977s ]
[ sql ] [ SQL ] SELECT COUNT(*) AS tp_count FROM `xjy_auth_rule` WHERE  `name` = 'admin/kitchen/index' LIMIT 1 [ RunTime:0.000976s ]
[ sql ] [ SQL ] SELECT `role_id` FROM `xjy_role_user` `a` INNER JOIN `xjy_role` `r` ON `a`.`role_id`=`r`.`id` WHERE  `a`.`user_id` = 10  AND `r`.`status` = 1 [ RunTime:0.000977s ]
[ sql ] [ SQL ] SELECT * FROM `xjy_auth_access` `a` INNER JOIN `xjy_auth_rule` `b` ON `a`.`rule_name`=`b`.`name` WHERE  `a`.`role_id` IN (3)  AND `b`.`name` IN ('admin/kitchen/index') [ RunTime:0.000976s ]
[ sql ] [ SQL ] SELECT `role_id` FROM `xjy_role_user` WHERE  `user_id` = 10 LIMIT 1 [ RunTime:0.000977s ]
[ sql ] [ SQL ] SELECT COUNT(*) AS tp_count FROM `xjy_auth_rule` WHERE  `name` = 'admin/marketplace/index' LIMIT 1 [ RunTime:0.001953s ]
[ sql ] [ SQL ] SELECT `role_id` FROM `xjy_role_user` `a` INNER JOIN `xjy_role` `r` ON `a`.`role_id`=`r`.`id` WHERE  `a`.`user_id` = 10  AND `r`.`status` = 1 [ RunTime:0.001953s ]
[ sql ] [ SQL ] SELECT * FROM `xjy_auth_access` `a` INNER JOIN `xjy_auth_rule` `b` ON `a`.`rule_name`=`b`.`name` WHERE  `a`.`role_id` IN (3)  AND `b`.`name` IN ('admin/marketplace/index') [ RunTime:0.000977s ]
[ sql ] [ SQL ] SELECT `role_id` FROM `xjy_role_user` WHERE  `user_id` = 10 LIMIT 1 [ RunTime:0.000976s ]
[ sql ] [ SQL ] SELECT COUNT(*) AS tp_count FROM `xjy_auth_rule` WHERE  `name` = 'admin/printer/index' LIMIT 1 [ RunTime:0.000977s ]
[ sql ] [ SQL ] SELECT `role_id` FROM `xjy_role_user` `a` INNER JOIN `xjy_role` `r` ON `a`.`role_id`=`r`.`id` WHERE  `a`.`user_id` = 10  AND `r`.`status` = 1 [ RunTime:0.000977s ]
[ sql ] [ SQL ] SELECT * FROM `xjy_auth_access` `a` INNER JOIN `xjy_auth_rule` `b` ON `a`.`rule_name`=`b`.`name` WHERE  `a`.`role_id` IN (3)  AND `b`.`name` IN ('admin/printer/index') [ RunTime:0.000977s ]
[ sql ] [ SQL ] SELECT `role_id` FROM `xjy_role_user` WHERE  `user_id` = 10 LIMIT 1 [ RunTime:0.000976s ]
[ sql ] [ SQL ] SELECT COUNT(*) AS tp_count FROM `xjy_auth_rule` WHERE  `name` = 'admin/#/#' LIMIT 1 [ RunTime:0.000977s ]
[ sql ] [ SQL ] SELECT `role_id` FROM `xjy_role_user` `a` INNER JOIN `xjy_role` `r` ON `a`.`role_id`=`r`.`id` WHERE  `a`.`user_id` = 10  AND `r`.`status` = 1 [ RunTime:0.001953s ]
[ sql ] [ SQL ] SELECT * FROM `xjy_auth_access` `a` INNER JOIN `xjy_auth_rule` `b` ON `a`.`rule_name`=`b`.`name` WHERE  `a`.`role_id` IN (3)  AND `b`.`name` IN ('admin/#/#') [ RunTime:0.000977s ]
[ sql ] [ SQL ] SELECT `role_id` FROM `xjy_role_user` WHERE  `user_id` = 10 LIMIT 1 [ RunTime:0.000977s ]
[ sql ] [ SQL ] SELECT COUNT(*) AS tp_count FROM `xjy_auth_rule` WHERE  `name` = 'admin/recyclebin/index' LIMIT 1 [ RunTime:0.000976s ]
[ sql ] [ SQL ] SELECT `role_id` FROM `xjy_role_user` `a` INNER JOIN `xjy_role` `r` ON `a`.`role_id`=`r`.`id` WHERE  `a`.`user_id` = 10  AND `r`.`status` = 1 [ RunTime:0.000977s ]
[ sql ] [ SQL ] SELECT * FROM `xjy_auth_access` `a` INNER JOIN `xjy_auth_rule` `b` ON `a`.`rule_name`=`b`.`name` WHERE  `a`.`role_id` IN (3)  AND `b`.`name` IN ('admin/recyclebin/index') [ RunTime:0.000976s ]
[ sql ] [ SQL ] SELECT * FROM `xjy_admin_menu` WHERE  `parent_id` = 109  AND `status` = 1 ORDER BY `list_order`  ASC [ RunTime:0.000977s ]
[ sql ] [ SQL ] SELECT `role_id` FROM `xjy_role_user` WHERE  `user_id` = 10 LIMIT 1 [ RunTime:0.000976s ]
[ sql ] [ SQL ] SELECT `role_id` FROM `xjy_role_user` WHERE  `user_id` = 10 LIMIT 1 [ RunTime:0.000977s ]
[ sql ] [ SQL ] SELECT COUNT(*) AS tp_count FROM `xjy_auth_rule` WHERE  `name` = 'admin/user/default' LIMIT 1 [ RunTime:0.000000s ]
[ sql ] [ SQL ] SELECT `role_id` FROM `xjy_role_user` `a` INNER JOIN `xjy_role` `r` ON `a`.`role_id`=`r`.`id` WHERE  `a`.`user_id` = 10  AND `r`.`status` = 1 [ RunTime:0.000976s ]
[ sql ] [ SQL ] SELECT * FROM `xjy_auth_access` `a` INNER JOIN `xjy_auth_rule` `b` ON `a`.`rule_name`=`b`.`name` WHERE  `a`.`role_id` IN (3)  AND `b`.`name` IN ('admin/user/default') [ RunTime:0.000976s ]
[ sql ] [ SQL ] SELECT `role_id` FROM `xjy_role_user` WHERE  `user_id` = 10 LIMIT 1 [ RunTime:0.000977s ]
[ sql ] [ SQL ] SELECT COUNT(*) AS tp_count FROM `xjy_auth_rule` WHERE  `name` = 'user/adminindex/default1' LIMIT 1 [ RunTime:0.000977s ]
[ sql ] [ SQL ] SELECT `role_id` FROM `xjy_role_user` `a` INNER JOIN `xjy_role` `r` ON `a`.`role_id`=`r`.`id` WHERE  `a`.`user_id` = 10  AND `r`.`status` = 1 [ RunTime:0.000000s ]
[ sql ] [ SQL ] SELECT * FROM `xjy_auth_access` `a` INNER JOIN `xjy_auth_rule` `b` ON `a`.`rule_name`=`b`.`name` WHERE  `a`.`role_id` IN (3)  AND `b`.`name` IN ('user/adminindex/default1') [ RunTime:0.001953s ]
[ sql ] [ SQL ] SELECT * FROM `xjy_admin_menu` WHERE  `parent_id` = 49  AND `status` = 1 ORDER BY `list_order`  ASC [ RunTime:0.003907s ]
[ sql ] [ SQL ] SELECT `role_id` FROM `xjy_role_user` WHERE  `user_id` = 10 LIMIT 1 [ RunTime:0.000977s ]
[ sql ] [ SQL ] SELECT `role_id` FROM `xjy_role_user` WHERE  `user_id` = 10 LIMIT 1 [ RunTime:0.000976s ]
[ sql ] [ SQL ] SELECT COUNT(*) AS tp_count FROM `xjy_auth_rule` WHERE  `name` = 'admin/rbac/index' LIMIT 1 [ RunTime:0.000977s ]
[ sql ] [ SQL ] SELECT `role_id` FROM `xjy_role_user` `a` INNER JOIN `xjy_role` `r` ON `a`.`role_id`=`r`.`id` WHERE  `a`.`user_id` = 10  AND `r`.`status` = 1 [ RunTime:0.000976s ]
[ sql ] [ SQL ] SELECT * FROM `xjy_auth_access` `a` INNER JOIN `xjy_auth_rule` `b` ON `a`.`rule_name`=`b`.`name` WHERE  `a`.`role_id` IN (3)  AND `b`.`name` IN ('admin/rbac/index') [ RunTime:0.000977s ]
[ sql ] [ SQL ] SELECT `role_id` FROM `xjy_role_user` WHERE  `user_id` = 10 LIMIT 1 [ RunTime:0.000976s ]
[ sql ] [ SQL ] SELECT COUNT(*) AS tp_count FROM `xjy_auth_rule` WHERE  `name` = 'admin/user/index' LIMIT 1 [ RunTime:0.000000s ]
[ sql ] [ SQL ] SELECT `role_id` FROM `xjy_role_user` `a` INNER JOIN `xjy_role` `r` ON `a`.`role_id`=`r`.`id` WHERE  `a`.`user_id` = 10  AND `r`.`status` = 1 [ RunTime:0.000977s ]
[ sql ] [ SQL ] SELECT * FROM `xjy_auth_access` `a` INNER JOIN `xjy_auth_rule` `b` ON `a`.`rule_name`=`b`.`name` WHERE  `a`.`role_id` IN (3)  AND `b`.`name` IN ('admin/user/index') [ RunTime:0.000976s ]
[ sql ] [ SQL ] SELECT * FROM `xjy_admin_menu` WHERE  `parent_id` = 50  AND `status` = 1 ORDER BY `list_order`  ASC [ RunTime:0.000977s ]
[ sql ] [ SQL ] SELECT `role_id` FROM `xjy_role_user` WHERE  `user_id` = 10 LIMIT 1 [ RunTime:0.000976s ]
[ sql ] [ SQL ] SELECT * FROM `xjy_admin_menu` WHERE  `parent_id` = 110  AND `status` = 1 ORDER BY `list_order`  ASC [ RunTime:0.000976s ]
[ sql ] [ SQL ] SELECT `role_id` FROM `xjy_role_user` WHERE  `user_id` = 10 LIMIT 1 [ RunTime:0.000000s ]
[ sql ] [ SQL ] SELECT `role_id` FROM `xjy_role_user` WHERE  `user_id` = 10 LIMIT 1 [ RunTime:0.000977s ]
[ sql ] [ SQL ] SELECT COUNT(*) AS tp_count FROM `xjy_auth_rule` WHERE  `name` = 'admin/user/add' LIMIT 1 [ RunTime:0.001953s ]
[ sql ] [ SQL ] SELECT `role_id` FROM `xjy_role_user` `a` INNER JOIN `xjy_role` `r` ON `a`.`role_id`=`r`.`id` WHERE  `a`.`user_id` = 10  AND `r`.`status` = 1 [ RunTime:0.000000s ]
[ sql ] [ SQL ] SELECT * FROM `xjy_auth_access` `a` INNER JOIN `xjy_auth_rule` `b` ON `a`.`rule_name`=`b`.`name` WHERE  `a`.`role_id` IN (3)  AND `b`.`name` IN ('admin/user/add') [ RunTime:0.000977s ]
[ sql ] [ SQL ] SELECT `role_id` FROM `xjy_role_user` WHERE  `user_id` = 10 LIMIT 1 [ RunTime:0.000000s ]
[ sql ] [ SQL ] SELECT COUNT(*) AS tp_count FROM `xjy_auth_rule` WHERE  `name` = 'admin/user/edit' LIMIT 1 [ RunTime:0.000000s ]
[ sql ] [ SQL ] SELECT `role_id` FROM `xjy_role_user` `a` INNER JOIN `xjy_role` `r` ON `a`.`role_id`=`r`.`id` WHERE  `a`.`user_id` = 10  AND `r`.`status` = 1 [ RunTime:0.000000s ]
[ sql ] [ SQL ] SELECT * FROM `xjy_auth_access` `a` INNER JOIN `xjy_auth_rule` `b` ON `a`.`rule_name`=`b`.`name` WHERE  `a`.`role_id` IN (3)  AND `b`.`name` IN ('admin/user/edit') [ RunTime:0.000000s ]
[ sql ] [ SQL ] SELECT * FROM `xjy_admin_menu` WHERE  `parent_id` = 111  AND `status` = 1 ORDER BY `list_order`  ASC [ RunTime:0.000976s ]
[ sql ] [ SQL ] SELECT `role_id` FROM `xjy_role_user` WHERE  `user_id` = 10 LIMIT 1 [ RunTime:0.000977s ]
[ sql ] [ SQL ] SELECT * FROM `xjy_admin_menu` WHERE  `parent_id` = 113  AND `status` = 1 ORDER BY `list_order`  ASC [ RunTime:0.000976s ]
[ sql ] [ SQL ] SELECT `role_id` FROM `xjy_role_user` WHERE  `user_id` = 10 LIMIT 1 [ RunTime:0.000000s ]
[ sql ] [ SQL ] SELECT * FROM `xjy_admin_menu` WHERE  `parent_id` = 152  AND `status` = 1 ORDER BY `list_order`  ASC [ RunTime:0.001953s ]
[ sql ] [ SQL ] SELECT `role_id` FROM `xjy_role_user` WHERE  `user_id` = 10 LIMIT 1 [ RunTime:0.000977s ]
[ sql ] [ SQL ] SELECT `role_id` FROM `xjy_role_user` WHERE  `user_id` = 10 LIMIT 1 [ RunTime:0.000977s ]
[ sql ] [ SQL ] SELECT COUNT(*) AS tp_count FROM `xjy_auth_rule` WHERE  `name` = 'user/adminindex/index' LIMIT 1 [ RunTime:0.001953s ]
[ sql ] [ SQL ] SELECT `role_id` FROM `xjy_role_user` `a` INNER JOIN `xjy_role` `r` ON `a`.`role_id`=`r`.`id` WHERE  `a`.`user_id` = 10  AND `r`.`status` = 1 [ RunTime:0.000977s ]
[ sql ] [ SQL ] SELECT * FROM `xjy_auth_access` `a` INNER JOIN `xjy_auth_rule` `b` ON `a`.`rule_name`=`b`.`name` WHERE  `a`.`role_id` IN (3)  AND `b`.`name` IN ('user/adminindex/index') [ RunTime:0.001953s ]
[ sql ] [ SQL ] SELECT `role_id` FROM `xjy_role_user` WHERE  `user_id` = 10 LIMIT 1 [ RunTime:0.000977s ]
[ sql ] [ SQL ] SELECT COUNT(*) AS tp_count FROM `xjy_auth_rule` WHERE  `name` = 'user/adminoauth/index' LIMIT 1 [ RunTime:0.000000s ]
[ sql ] [ SQL ] SELECT `role_id` FROM `xjy_role_user` `a` INNER JOIN `xjy_role` `r` ON `a`.`role_id`=`r`.`id` WHERE  `a`.`user_id` = 10  AND `r`.`status` = 1 [ RunTime:0.000000s ]
[ sql ] [ SQL ] SELECT * FROM `xjy_auth_access` `a` INNER JOIN `xjy_auth_rule` `b` ON `a`.`rule_name`=`b`.`name` WHERE  `a`.`role_id` IN (3)  AND `b`.`name` IN ('user/adminoauth/index') [ RunTime:0.000977s ]
[ sql ] [ SQL ] SELECT * FROM `xjy_admin_menu` WHERE  `parent_id` = 156  AND `status` = 1 ORDER BY `list_order`  ASC [ RunTime:0.000000s ]
[ sql ] [ SQL ] SELECT `role_id` FROM `xjy_role_user` WHERE  `user_id` = 10 LIMIT 1 [ RunTime:0.000000s ]
[ sql ] [ SQL ] SELECT * FROM `xjy_admin_menu` WHERE  `parent_id` = 176  AND `status` = 1 ORDER BY `list_order`  ASC [ RunTime:0.000977s ]
[ sql ] [ SQL ] SELECT `role_id` FROM `xjy_role_user` WHERE  `user_id` = 10 LIMIT 1 [ RunTime:0.000977s ]
[ sql ] [ SQL ] SELECT `role_id` FROM `xjy_role_user` WHERE  `user_id` = 10 LIMIT 1 [ RunTime:0.000976s ]
[ sql ] [ SQL ] SELECT COUNT(*) AS tp_count FROM `xjy_auth_rule` WHERE  `name` = 'admin/seller/index' LIMIT 1 [ RunTime:0.000977s ]
[ sql ] [ SQL ] SELECT `role_id` FROM `xjy_role_user` `a` INNER JOIN `xjy_role` `r` ON `a`.`role_id`=`r`.`id` WHERE  `a`.`user_id` = 10  AND `r`.`status` = 1 [ RunTime:0.000976s ]
[ sql ] [ SQL ] SELECT * FROM `xjy_auth_access` `a` INNER JOIN `xjy_auth_rule` `b` ON `a`.`rule_name`=`b`.`name` WHERE  `a`.`role_id` IN (3)  AND `b`.`name` IN ('admin/seller/index') [ RunTime:0.000977s ]
[ sql ] [ SQL ] SELECT `role_id` FROM `xjy_role_user` WHERE  `user_id` = 10 LIMIT 1 [ RunTime:0.000000s ]
[ sql ] [ SQL ] SELECT COUNT(*) AS tp_count FROM `xjy_auth_rule` WHERE  `name` = 'admin/foodmenu/index' LIMIT 1 [ RunTime:0.001953s ]
[ sql ] [ SQL ] SELECT `role_id` FROM `xjy_role_user` `a` INNER JOIN `xjy_role` `r` ON `a`.`role_id`=`r`.`id` WHERE  `a`.`user_id` = 10  AND `r`.`status` = 1 [ RunTime:0.000977s ]
[ sql ] [ SQL ] SELECT * FROM `xjy_auth_access` `a` INNER JOIN `xjy_auth_rule` `b` ON `a`.`rule_name`=`b`.`name` WHERE  `a`.`role_id` IN (3)  AND `b`.`name` IN ('admin/foodmenu/index') [ RunTime:0.002929s ]
[ sql ] [ SQL ] SELECT `role_id` FROM `xjy_role_user` WHERE  `user_id` = 10 LIMIT 1 [ RunTime:0.000977s ]
[ sql ] [ SQL ] SELECT COUNT(*) AS tp_count FROM `xjy_auth_rule` WHERE  `name` = 'admin/classification/index' LIMIT 1 [ RunTime:0.000976s ]
[ sql ] [ SQL ] SELECT `role_id` FROM `xjy_role_user` `a` INNER JOIN `xjy_role` `r` ON `a`.`role_id`=`r`.`id` WHERE  `a`.`user_id` = 10  AND `r`.`status` = 1 [ RunTime:0.001953s ]
[ sql ] [ SQL ] SELECT * FROM `xjy_auth_access` `a` INNER JOIN `xjy_auth_rule` `b` ON `a`.`rule_name`=`b`.`name` WHERE  `a`.`role_id` IN (3)  AND `b`.`name` IN ('admin/classification/index') [ RunTime:0.000977s ]
[ sql ] [ SQL ] SELECT `role_id` FROM `xjy_role_user` WHERE  `user_id` = 10 LIMIT 1 [ RunTime:0.000977s ]
[ sql ] [ SQL ] SELECT COUNT(*) AS tp_count FROM `xjy_auth_rule` WHERE  `name` = 'admin/seller/sellertable' LIMIT 1 [ RunTime:0.000000s ]
[ sql ] [ SQL ] SELECT `role_id` FROM `xjy_role_user` `a` INNER JOIN `xjy_role` `r` ON `a`.`role_id`=`r`.`id` WHERE  `a`.`user_id` = 10  AND `r`.`status` = 1 [ RunTime:0.000976s ]
[ sql ] [ SQL ] SELECT * FROM `xjy_auth_access` `a` INNER JOIN `xjy_auth_rule` `b` ON `a`.`rule_name`=`b`.`name` WHERE  `a`.`role_id` IN (3)  AND `b`.`name` IN ('admin/seller/sellertable') [ RunTime:0.001953s ]
[ sql ] [ SQL ] SELECT * FROM `xjy_admin_menu` WHERE  `parent_id` = 177  AND `status` = 1 ORDER BY `list_order`  ASC [ RunTime:0.000977s ]
[ sql ] [ SQL ] SELECT `role_id` FROM `xjy_role_user` WHERE  `user_id` = 10 LIMIT 1 [ RunTime:0.000000s ]
[ sql ] [ SQL ] SELECT * FROM `xjy_admin_menu` WHERE  `parent_id` = 184  AND `status` = 1 ORDER BY `list_order`  ASC [ RunTime:0.000976s ]
[ sql ] [ SQL ] SELECT `role_id` FROM `xjy_role_user` WHERE  `user_id` = 10 LIMIT 1 [ RunTime:0.000977s ]
[ sql ] [ SQL ] SELECT * FROM `xjy_admin_menu` WHERE  `parent_id` = 182  AND `status` = 1 ORDER BY `list_order`  ASC [ RunTime:0.000977s ]
[ sql ] [ SQL ] SELECT `role_id` FROM `xjy_role_user` WHERE  `user_id` = 10 LIMIT 1 [ RunTime:0.000976s ]
[ sql ] [ SQL ] SELECT * FROM `xjy_admin_menu` WHERE  `parent_id` = 190  AND `status` = 1 ORDER BY `list_order`  ASC [ RunTime:0.000977s ]
[ sql ] [ SQL ] SELECT `role_id` FROM `xjy_role_user` WHERE  `user_id` = 10 LIMIT 1 [ RunTime:0.001953s ]
[ sql ] [ SQL ] SELECT * FROM `xjy_admin_menu` WHERE  `parent_id` = 179  AND `status` = 1 ORDER BY `list_order`  ASC [ RunTime:0.000976s ]
[ sql ] [ SQL ] SELECT `role_id` FROM `xjy_role_user` WHERE  `user_id` = 10 LIMIT 1 [ RunTime:0.000977s ]
[ sql ] [ SQL ] SELECT `role_id` FROM `xjy_role_user` WHERE  `user_id` = 10 LIMIT 1 [ RunTime:0.000977s ]
[ sql ] [ SQL ] SELECT COUNT(*) AS tp_count FROM `xjy_auth_rule` WHERE  `name` = 'admin/order/index' LIMIT 1 [ RunTime:0.000976s ]
[ sql ] [ SQL ] SELECT `role_id` FROM `xjy_role_user` `a` INNER JOIN `xjy_role` `r` ON `a`.`role_id`=`r`.`id` WHERE  `a`.`user_id` = 10  AND `r`.`status` = 1 [ RunTime:0.000976s ]
[ sql ] [ SQL ] SELECT * FROM `xjy_auth_access` `a` INNER JOIN `xjy_auth_rule` `b` ON `a`.`rule_name`=`b`.`name` WHERE  `a`.`role_id` IN (3)  AND `b`.`name` IN ('admin/order/index') [ RunTime:0.000977s ]
[ sql ] [ SQL ] SELECT `role_id` FROM `xjy_role_user` WHERE  `user_id` = 10 LIMIT 1 [ RunTime:0.000000s ]
[ sql ] [ SQL ] SELECT COUNT(*) AS tp_count FROM `xjy_auth_rule` WHERE  `name` = 'admin/order/reserveorder' LIMIT 1 [ RunTime:0.000000s ]
[ sql ] [ SQL ] SELECT `role_id` FROM `xjy_role_user` `a` INNER JOIN `xjy_role` `r` ON `a`.`role_id`=`r`.`id` WHERE  `a`.`user_id` = 10  AND `r`.`status` = 1 [ RunTime:0.000977s ]
[ sql ] [ SQL ] SELECT * FROM `xjy_auth_access` `a` INNER JOIN `xjy_auth_rule` `b` ON `a`.`rule_name`=`b`.`name` WHERE  `a`.`role_id` IN (3)  AND `b`.`name` IN ('admin/order/reserveorder') [ RunTime:0.001953s ]
[ sql ] [ SQL ] SELECT * FROM `xjy_admin_menu` WHERE  `parent_id` = 180  AND `status` = 1 ORDER BY `list_order`  ASC [ RunTime:0.000976s ]
[ sql ] [ SQL ] SELECT `role_id` FROM `xjy_role_user` WHERE  `user_id` = 10 LIMIT 1 [ RunTime:0.000976s ]
[ sql ] [ SQL ] SELECT * FROM `xjy_admin_menu` WHERE  `parent_id` = 189  AND `status` = 1 ORDER BY `list_order`  ASC [ RunTime:0.001954s ]
[ sql ] [ SQL ] SELECT `role_id` FROM `xjy_role_user` WHERE  `user_id` = 10 LIMIT 1 [ RunTime:0.000977s ]
[ sql ] [ SQL ] SELECT * FROM `xjy_admin_menu` WHERE  `parent_id` = 186  AND `status` = 1 ORDER BY `list_order`  ASC [ RunTime:0.001953s ]
[ sql ] [ SQL ] SELECT `role_id` FROM `xjy_role_user` WHERE  `user_id` = 10 LIMIT 1 [ RunTime:0.000000s ]
[ sql ] [ SQL ] SELECT `role_id` FROM `xjy_role_user` WHERE  `user_id` = 10 LIMIT 1 [ RunTime:0.000976s ]
[ sql ] [ SQL ] SELECT COUNT(*) AS tp_count FROM `xjy_auth_rule` WHERE  `name` = 'admin/user/userinfo' LIMIT 1 [ RunTime:0.002930s ]
[ sql ] [ SQL ] SELECT `role_id` FROM `xjy_role_user` `a` INNER JOIN `xjy_role` `r` ON `a`.`role_id`=`r`.`id` WHERE  `a`.`user_id` = 10  AND `r`.`status` = 1 [ RunTime:0.000976s ]
[ sql ] [ SQL ] SELECT * FROM `xjy_auth_access` `a` INNER JOIN `xjy_auth_rule` `b` ON `a`.`rule_name`=`b`.`name` WHERE  `a`.`role_id` IN (3)  AND `b`.`name` IN ('admin/user/userinfo') [ RunTime:0.001953s ]
[ sql ] [ SQL ] SELECT `role_id` FROM `xjy_role_user` WHERE  `user_id` = 10 LIMIT 1 [ RunTime:0.000977s ]
[ sql ] [ SQL ] SELECT COUNT(*) AS tp_count FROM `xjy_auth_rule` WHERE  `name` = 'admin/setting/password' LIMIT 1 [ RunTime:0.001953s ]
[ sql ] [ SQL ] SELECT `role_id` FROM `xjy_role_user` `a` INNER JOIN `xjy_role` `r` ON `a`.`role_id`=`r`.`id` WHERE  `a`.`user_id` = 10  AND `r`.`status` = 1 [ RunTime:0.000977s ]
[ sql ] [ SQL ] SELECT * FROM `xjy_auth_access` `a` INNER JOIN `xjy_auth_rule` `b` ON `a`.`rule_name`=`b`.`name` WHERE  `a`.`role_id` IN (3)  AND `b`.`name` IN ('admin/setting/password') [ RunTime:0.000000s ]
[ sql ] [ SQL ] SELECT * FROM `xjy_admin_menu` WHERE  `parent_id` = 115  AND `status` = 1 ORDER BY `list_order`  ASC [ RunTime:0.000976s ]
[ sql ] [ SQL ] SELECT `role_id` FROM `xjy_role_user` WHERE  `user_id` = 10 LIMIT 1 [ RunTime:0.000000s ]
[ sql ] [ SQL ] SELECT * FROM `xjy_admin_menu` WHERE  `parent_id` = 73  AND `status` = 1 ORDER BY `list_order`  ASC [ RunTime:0.000000s ]
[ sql ] [ SQL ] SELECT `role_id` FROM `xjy_role_user` WHERE  `user_id` = 10 LIMIT 1 [ RunTime:0.000000s ]
[ sql ] [ SQL ] SELECT * FROM `xjy_admin_menu` WHERE  `parent_id` = 192  AND `status` = 1 ORDER BY `list_order`  ASC [ RunTime:0.000977s ]
[ sql ] [ SQL ] SELECT `role_id` FROM `xjy_role_user` WHERE  `user_id` = 10 LIMIT 1 [ RunTime:0.000976s ]
[ sql ] [ SQL ] SELECT * FROM `xjy_admin_menu` WHERE  `parent_id` = 193  AND `status` = 1 ORDER BY `list_order`  ASC [ RunTime:0.000977s ]
[ sql ] [ SQL ] SELECT `role_id` FROM `xjy_role_user` WHERE  `user_id` = 10 LIMIT 1 [ RunTime:0.000977s ]
[ sql ] [ SQL ] SELECT * FROM `xjy_admin_menu` WHERE  `parent_id` = 194  AND `status` = 1 ORDER BY `list_order`  ASC [ RunTime:0.000977s ]
[ sql ] [ SQL ] SELECT `role_id` FROM `xjy_role_user` WHERE  `user_id` = 10 LIMIT 1 [ RunTime:0.000976s ]
[ sql ] [ SQL ] SELECT * FROM `xjy_admin_menu` WHERE  `parent_id` = 195  AND `status` = 1 ORDER BY `list_order`  ASC [ RunTime:0.001953s ]
[ sql ] [ SQL ] SELECT `role_id` FROM `xjy_role_user` WHERE  `user_id` = 10 LIMIT 1 [ RunTime:0.000976s ]
[ sql ] [ SQL ] SELECT * FROM `xjy_admin_menu` WHERE  `parent_id` = 196  AND `status` = 1 ORDER BY `list_order`  ASC [ RunTime:0.000977s ]
[ sql ] [ SQL ] SELECT `role_id` FROM `xjy_role_user` WHERE  `user_id` = 10 LIMIT 1 [ RunTime:0.000976s ]
[ sql ] [ SQL ] SELECT `role_id` FROM `xjy_role_user` WHERE  `user_id` = 10 LIMIT 1 [ RunTime:0.000000s ]
[ sql ] [ SQL ] SELECT COUNT(*) AS tp_count FROM `xjy_auth_rule` WHERE  `name` = 'admin/report/index' LIMIT 1 [ RunTime:0.000976s ]
[ sql ] [ SQL ] SELECT `role_id` FROM `xjy_role_user` `a` INNER JOIN `xjy_role` `r` ON `a`.`role_id`=`r`.`id` WHERE  `a`.`user_id` = 10  AND `r`.`status` = 1 [ RunTime:0.000977s ]
[ sql ] [ SQL ] SELECT * FROM `xjy_auth_access` `a` INNER JOIN `xjy_auth_rule` `b` ON `a`.`rule_name`=`b`.`name` WHERE  `a`.`role_id` IN (3)  AND `b`.`name` IN ('admin/report/index') [ RunTime:0.000976s ]
[ sql ] [ SQL ] SELECT `role_id` FROM `xjy_role_user` WHERE  `user_id` = 10 LIMIT 1 [ RunTime:0.000976s ]
[ sql ] [ SQL ] SELECT COUNT(*) AS tp_count FROM `xjy_auth_rule` WHERE  `name` = 'admin/seller/withdrawals' LIMIT 1 [ RunTime:0.000977s ]
[ sql ] [ SQL ] SELECT `role_id` FROM `xjy_role_user` `a` INNER JOIN `xjy_role` `r` ON `a`.`role_id`=`r`.`id` WHERE  `a`.`user_id` = 10  AND `r`.`status` = 1 [ RunTime:0.000977s ]
[ sql ] [ SQL ] SELECT * FROM `xjy_auth_access` `a` INNER JOIN `xjy_auth_rule` `b` ON `a`.`rule_name`=`b`.`name` WHERE  `a`.`role_id` IN (3)  AND `b`.`name` IN ('admin/seller/withdrawals') [ RunTime:0.001953s ]
[ sql ] [ SQL ] SELECT * FROM `xjy_admin_menu` WHERE  `parent_id` = 187  AND `status` = 1 ORDER BY `list_order`  ASC [ RunTime:0.000000s ]
[ sql ] [ SQL ] SELECT `role_id` FROM `xjy_role_user` WHERE  `user_id` = 10 LIMIT 1 [ RunTime:0.001953s ]
[ sql ] [ SQL ] SELECT * FROM `xjy_admin_menu` WHERE  `parent_id` = 191  AND `status` = 1 ORDER BY `list_order`  ASC [ RunTime:0.000977s ]
[ sql ] [ SQL ] SELECT `role_id` FROM `xjy_role_user` WHERE  `user_id` = 10 LIMIT 1 [ RunTime:0.000976s ]
[ sql ] [ SQL ] SELECT * FROM `xjy_admin_menu` WHERE  `parent_id` = 58  AND `status` = 1 ORDER BY `list_order`  ASC [ RunTime:0.000977s ]
[ sql ] [ SQL ] SELECT `role_id` FROM `xjy_role_user` WHERE  `user_id` = 10 LIMIT 1 [ RunTime:0.000000s ]
[ sql ] [ SQL ] SELECT `role_id` FROM `xjy_role_user` WHERE  `user_id` = 10 LIMIT 1 [ RunTime:0.000000s ]
[ sql ] [ SQL ] SELECT * FROM `xjy_user` WHERE  `id` = 10 LIMIT 1 [ RunTime:0.000000s ]
[ sql ] [ SQL ] SELECT `role_id` FROM `xjy_role_user` WHERE  `user_id` = 10 LIMIT 1 [ RunTime:0.000977s ]
[ sql ] [ SQL ] SELECT COUNT(*) AS tp_count FROM `xjy_auth_rule` WHERE  `name` = 'admin/setting/site' LIMIT 1 [ RunTime:0.000000s ]
[ sql ] [ SQL ] SELECT `role_id` FROM `xjy_role_user` `a` INNER JOIN `xjy_role` `r` ON `a`.`role_id`=`r`.`id` WHERE  `a`.`user_id` = 10  AND `r`.`status` = 1 [ RunTime:0.000000s ]
[ sql ] [ SQL ] SELECT * FROM `xjy_auth_access` `a` INNER JOIN `xjy_auth_rule` `b` ON `a`.`rule_name`=`b`.`name` WHERE  `a`.`role_id` IN (3)  AND `b`.`name` IN ('admin/setting/site') [ RunTime:0.000000s ]
[ sql ] [ SQL ] SELECT `role_id` FROM `xjy_role_user` WHERE  `user_id` = 10 LIMIT 1 [ RunTime:0.000000s ]
[ sql ] [ SQL ] SELECT COUNT(*) AS tp_count FROM `xjy_auth_rule` WHERE  `name` = 'admin/user/userinfo' LIMIT 1 [ RunTime:0.000000s ]
[ sql ] [ SQL ] SELECT `role_id` FROM `xjy_role_user` `a` INNER JOIN `xjy_role` `r` ON `a`.`role_id`=`r`.`id` WHERE  `a`.`user_id` = 10  AND `r`.`status` = 1 [ RunTime:0.000977s ]
[ sql ] [ SQL ] SELECT * FROM `xjy_auth_access` `a` INNER JOIN `xjy_auth_rule` `b` ON `a`.`rule_name`=`b`.`name` WHERE  `a`.`role_id` IN (3)  AND `b`.`name` IN ('admin/user/userinfo') [ RunTime:0.000976s ]
[ sql ] [ SQL ] SELECT `role_id` FROM `xjy_role_user` WHERE  `user_id` = 10 LIMIT 1 [ RunTime:0.000976s ]
[ sql ] [ SQL ] SELECT COUNT(*) AS tp_count FROM `xjy_auth_rule` WHERE  `name` = 'admin/setting/password' LIMIT 1 [ RunTime:0.000977s ]
[ sql ] [ SQL ] SELECT `role_id` FROM `xjy_role_user` `a` INNER JOIN `xjy_role` `r` ON `a`.`role_id`=`r`.`id` WHERE  `a`.`user_id` = 10  AND `r`.`status` = 1 [ RunTime:0.000977s ]
[ sql ] [ SQL ] SELECT * FROM `xjy_auth_access` `a` INNER JOIN `xjy_auth_rule` `b` ON `a`.`rule_name`=`b`.`name` WHERE  `a`.`role_id` IN (3)  AND `b`.`name` IN ('admin/setting/password') [ RunTime:0.000976s ]
[ sql ] [ SQL ] SELECT `role_id` FROM `xjy_role_user` WHERE  `user_id` = 10 LIMIT 1 [ RunTime:0.000977s ]
[ sql ] [ SQL ] SELECT COUNT(*) AS tp_count FROM `xjy_auth_rule` WHERE  `name` = 'portal/admincategory/index' LIMIT 1 [ RunTime:0.000000s ]
[ sql ] [ SQL ] SELECT `role_id` FROM `xjy_role_user` `a` INNER JOIN `xjy_role` `r` ON `a`.`role_id`=`r`.`id` WHERE  `a`.`user_id` = 10  AND `r`.`status` = 1 [ RunTime:0.000000s ]
[ sql ] [ SQL ] SELECT * FROM `xjy_auth_access` `a` INNER JOIN `xjy_auth_rule` `b` ON `a`.`rule_name`=`b`.`name` WHERE  `a`.`role_id` IN (3)  AND `b`.`name` IN ('portal/admincategory/index') [ RunTime:0.000000s ]
[ sql ] [ SQL ] SELECT `role_id` FROM `xjy_role_user` WHERE  `user_id` = 10 LIMIT 1 [ RunTime:0.000977s ]
[ sql ] [ SQL ] SELECT COUNT(*) AS tp_count FROM `xjy_auth_rule` WHERE  `name` = 'portal/adminarticle/index' LIMIT 1 [ RunTime:0.000976s ]
[ sql ] [ SQL ] SELECT `role_id` FROM `xjy_role_user` `a` INNER JOIN `xjy_role` `r` ON `a`.`role_id`=`r`.`id` WHERE  `a`.`user_id` = 10  AND `r`.`status` = 1 [ RunTime:0.000977s ]
[ sql ] [ SQL ] SELECT * FROM `xjy_auth_access` `a` INNER JOIN `xjy_auth_rule` `b` ON `a`.`rule_name`=`b`.`name` WHERE  `a`.`role_id` IN (3)  AND `b`.`name` IN ('portal/adminarticle/index') [ RunTime:0.000977s ]
[ sql ] [ SQL ] SELECT `role_id` FROM `xjy_role_user` WHERE  `user_id` = 10 LIMIT 1 [ RunTime:0.000000s ]
[ sql ] [ SQL ] SELECT COUNT(*) AS tp_count FROM `xjy_auth_rule` WHERE  `name` = 'user/adminasset/index' LIMIT 1 [ RunTime:0.000976s ]
[ sql ] [ SQL ] SELECT `role_id` FROM `xjy_role_user` `a` INNER JOIN `xjy_role` `r` ON `a`.`role_id`=`r`.`id` WHERE  `a`.`user_id` = 10  AND `r`.`status` = 1 [ RunTime:0.000977s ]
[ sql ] [ SQL ] SELECT * FROM `xjy_auth_access` `a` INNER JOIN `xjy_auth_rule` `b` ON `a`.`rule_name`=`b`.`name` WHERE  `a`.`role_id` IN (3)  AND `b`.`name` IN ('user/adminasset/index') [ RunTime:0.001953s ]
[ sql ] [ SQL ] SELECT `role_id` FROM `xjy_role_user` WHERE  `user_id` = 10 LIMIT 1 [ RunTime:0.001953s ]
[ sql ] [ SQL ] SELECT COUNT(*) AS tp_count FROM `xjy_auth_rule` WHERE  `name` = 'admin/setting/clearcache' LIMIT 1 [ RunTime:0.000977s ]
[ sql ] [ SQL ] SELECT `role_id` FROM `xjy_role_user` `a` INNER JOIN `xjy_role` `r` ON `a`.`role_id`=`r`.`id` WHERE  `a`.`user_id` = 10  AND `r`.`status` = 1 [ RunTime:0.000977s ]
[ sql ] [ SQL ] SELECT * FROM `xjy_auth_access` `a` INNER JOIN `xjy_auth_rule` `b` ON `a`.`rule_name`=`b`.`name` WHERE  `a`.`role_id` IN (3)  AND `b`.`name` IN ('admin/setting/clearcache') [ RunTime:0.000976s ]
[ sql ] [ SQL ] SELECT `role_id` FROM `xjy_role_user` WHERE  `user_id` = 10 LIMIT 1 [ RunTime:0.000977s ]
[ sql ] [ SQL ] SELECT COUNT(*) AS tp_count FROM `xjy_auth_rule` WHERE  `name` = 'admin/recyclebin/index' LIMIT 1 [ RunTime:0.000976s ]
[ sql ] [ SQL ] SELECT `role_id` FROM `xjy_role_user` `a` INNER JOIN `xjy_role` `r` ON `a`.`role_id`=`r`.`id` WHERE  `a`.`user_id` = 10  AND `r`.`status` = 1 [ RunTime:0.000977s ]
[ sql ] [ SQL ] SELECT * FROM `xjy_auth_access` `a` INNER JOIN `xjy_auth_rule` `b` ON `a`.`rule_name`=`b`.`name` WHERE  `a`.`role_id` IN (3)  AND `b`.`name` IN ('admin/recyclebin/index') [ RunTime:0.001953s ]
[ sql ] [ SQL ] SELECT `role_id` FROM `xjy_role_user` WHERE  `user_id` = 10 LIMIT 1 [ RunTime:0.001953s ]
---------------------------------------------------------------
[ 2018-05-07T11:44:42+08:00 ] 122.114.61.97 222.211.182.233 GET /admin/main/index.html
[ sql ] [ DB ] CONNECT:[ UseTime:0.016601s ] mysql:dbname=xjyapplet;host=127.0.0.1;port=3306;charset=utf8
[ sql ] [ SQL ] SHOW COLUMNS FROM `xjy_hook_plugin` [ RunTime:0.008789s ]
[ sql ] [ SQL ] SELECT `hook`,`plugin` FROM `xjy_hook_plugin` WHERE  `status` = 1 ORDER BY list_order ASC [ RunTime:0.000977s ]
[ sql ] [ SQL ] SHOW COLUMNS FROM `xjy_user` [ RunTime:0.017578s ]
[ sql ] [ SQL ] SELECT * FROM `xjy_user` WHERE  `id` = 10 LIMIT 1 [ RunTime:0.001953s ]
[ sql ] [ SQL ] SHOW COLUMNS FROM `xjy_plugin` [ RunTime:0.015625s ]
[ sql ] [ SQL ] SELECT `config` FROM `xjy_plugin` WHERE  `name` = 'SystemInfo' LIMIT 1 [ RunTime:0.002930s ]
[ sql ] [ SQL ] select VERSION() as version [ RunTime:0.000977s ]
---------------------------------------------------------------
[ 2018-05-07T11:44:55+08:00 ] 122.114.61.97 222.211.182.233 GET /admin/cashier/index.html
[ sql ] [ DB ] CONNECT:[ UseTime:0.013672s ] mysql:dbname=xjyapplet;host=127.0.0.1;port=3306;charset=utf8
[ sql ] [ SQL ] SHOW COLUMNS FROM `xjy_hook_plugin` [ RunTime:0.011719s ]
[ sql ] [ SQL ] SELECT `hook`,`plugin` FROM `xjy_hook_plugin` WHERE  `status` = 1 ORDER BY list_order ASC [ RunTime:0.001953s ]
[ sql ] [ SQL ] SHOW COLUMNS FROM `xjy_role_user` [ RunTime:0.029297s ]
[ sql ] [ SQL ] SELECT `role_id` FROM `xjy_role_user` WHERE  `user_id` = 10 LIMIT 1 [ RunTime:0.001953s ]
[ sql ] [ SQL ] SELECT `role_id` FROM `xjy_role_user` WHERE  `user_id` = 10 LIMIT 1 [ RunTime:0.000000s ]
[ sql ] [ SQL ] SHOW COLUMNS FROM `xjy_order` [ RunTime:0.008789s ]
[ sql ] [ SQL ] SELECT COUNT(*) AS tp_count FROM `xjy_order` `a` INNER JOIN `xjy_rest` `b` ON `a`.`table_id`=`b`.`id` INNER JOIN `xjy_food_menu` `c` ON `c`.`id`=`b`.`menu_id` WHERE  `a`.`seller_id` = 10  AND `a`.`delete_time` = 0  AND `a`.`order_class` <> 3 LIMIT 1 [ RunTime:0.000976s ]
[ sql ] [ SQL ] SELECT `a`.`order_id`,`a`.`order_time`,`a`.`order_price`,`a`.`pay`,`a`.`food_type`,`c`.`name`,`tb_id` FROM `xjy_order` `a` INNER JOIN `xjy_rest` `b` ON `a`.`table_id`=`b`.`id` INNER JOIN `xjy_food_menu` `c` ON `c`.`id`=`b`.`menu_id` WHERE  `a`.`seller_id` = 10  AND `a`.`delete_time` = 0  AND `a`.`order_class` <> 3 ORDER BY `pay` LIMIT 0,10 [ RunTime:0.001953s ]
---------------------------------------------------------------
[ 2018-05-07T11:45:01+08:00 ] 122.114.61.97 222.211.182.233 GET /admin/kitchen/index.html
[ sql ] [ DB ] CONNECT:[ UseTime:0.012696s ] mysql:dbname=xjyapplet;host=127.0.0.1;port=3306;charset=utf8
[ sql ] [ SQL ] SHOW COLUMNS FROM `xjy_hook_plugin` [ RunTime:0.006836s ]
[ sql ] [ SQL ] SELECT `hook`,`plugin` FROM `xjy_hook_plugin` WHERE  `status` = 1 ORDER BY list_order ASC [ RunTime:0.000000s ]
[ sql ] [ SQL ] SHOW COLUMNS FROM `xjy_role_user` [ RunTime:0.008789s ]
[ sql ] [ SQL ] SELECT `role_id` FROM `xjy_role_user` WHERE  `user_id` = 10 LIMIT 1 [ RunTime:0.000976s ]
[ sql ] [ SQL ] SELECT `role_id` FROM `xjy_role_user` WHERE  `user_id` = 10 LIMIT 1 [ RunTime:0.000976s ]
[ sql ] [ SQL ] SHOW COLUMNS FROM `xjy_order` [ RunTime:0.011719s ]
[ sql ] [ SQL ] SELECT COUNT(*) AS tp_count FROM `xjy_order` `a` INNER JOIN `xjy_rest` `b` ON `a`.`table_id`=`b`.`id` INNER JOIN `xjy_food_menu` `c` ON `c`.`id`=`b`.`menu_id` WHERE  `a`.`seller_id` = 10  AND `a`.`delete_time` = 0  AND `a`.`order_class` <> 3 LIMIT 1 [ RunTime:0.001953s ]
[ sql ] [ SQL ] SELECT `a`.`order_id`,`a`.`order_time`,`c`.`name`,`tb_id`,`a`.`food_type` FROM `xjy_order` `a` INNER JOIN `xjy_rest` `b` ON `a`.`table_id`=`b`.`id` INNER JOIN `xjy_food_menu` `c` ON `c`.`id`=`b`.`menu_id` WHERE  `a`.`seller_id` = 10  AND `a`.`delete_time` = 0  AND `a`.`order_class` <> 3 ORDER BY `food_type` LIMIT 0,10 [ RunTime:0.000977s ]
---------------------------------------------------------------
[ 2018-05-07T11:45:03+08:00 ] 122.114.61.97 222.211.182.233 GET /admin/marketplace/index.html
[ sql ] [ DB ] CONNECT:[ UseTime:0.011719s ] mysql:dbname=xjyapplet;host=127.0.0.1;port=3306;charset=utf8
[ sql ] [ SQL ] SHOW COLUMNS FROM `xjy_hook_plugin` [ RunTime:0.011719s ]
[ sql ] [ SQL ] SELECT `hook`,`plugin` FROM `xjy_hook_plugin` WHERE  `status` = 1 ORDER BY list_order ASC [ RunTime:0.001953s ]
[ sql ] [ SQL ] SHOW COLUMNS FROM `xjy_role_user` [ RunTime:0.008789s ]
[ sql ] [ SQL ] SELECT `role_id` FROM `xjy_role_user` WHERE  `user_id` = 10 LIMIT 1 [ RunTime:0.001953s ]
---------------------------------------------------------------
[ 2018-05-07T11:45:04+08:00 ] 122.114.61.97 222.211.182.233 GET /admin/printer/index.html
[ sql ] [ DB ] CONNECT:[ UseTime:0.016601s ] mysql:dbname=xjyapplet;host=127.0.0.1;port=3306;charset=utf8
[ sql ] [ SQL ] SHOW COLUMNS FROM `xjy_hook_plugin` [ RunTime:0.020508s ]
[ sql ] [ SQL ] SELECT `hook`,`plugin` FROM `xjy_hook_plugin` WHERE  `status` = 1 ORDER BY list_order ASC [ RunTime:0.000977s ]
[ sql ] [ SQL ] SHOW COLUMNS FROM `xjy_role_user` [ RunTime:0.000000s ]
[ sql ] [ SQL ] SELECT `role_id` FROM `xjy_role_user` WHERE  `user_id` = 10 LIMIT 1 [ RunTime:0.006836s ]
[ sql ] [ SQL ] SHOW COLUMNS FROM `xjy_printer` [ RunTime:0.035156s ]
[ sql ] [ SQL ] SELECT COUNT(*) AS tp_count FROM `xjy_printer` `a` LEFT JOIN `xjy_food_menu` `b` ON `a`.`menu_id`=`b`.`id` WHERE  `a`.`seller_id` = 10 LIMIT 1 [ RunTime:0.005860s ]
[ sql ] [ SQL ] SELECT `b`.`name`,`printer_id`,`a`.`remark`,`type`,`secret_key`,`voice`,`a`.`position` FROM `xjy_printer` `a` LEFT JOIN `xjy_food_menu` `b` ON `a`.`menu_id`=`b`.`id` WHERE  `a`.`seller_id` = 10 LIMIT 0,10 [ RunTime:0.000977s ]
---------------------------------------------------------------
[ 2018-05-07T11:45:05+08:00 ] 122.114.61.97 222.211.182.233 GET /admin/cashier/index.html
[ sql ] [ DB ] CONNECT:[ UseTime:0.013672s ] mysql:dbname=xjyapplet;host=127.0.0.1;port=3306;charset=utf8
[ sql ] [ SQL ] SHOW COLUMNS FROM `xjy_hook_plugin` [ RunTime:0.005859s ]
[ sql ] [ SQL ] SELECT `hook`,`plugin` FROM `xjy_hook_plugin` WHERE  `status` = 1 ORDER BY list_order ASC [ RunTime:0.000000s ]
[ sql ] [ SQL ] SHOW COLUMNS FROM `xjy_role_user` [ RunTime:0.010742s ]
[ sql ] [ SQL ] SELECT `role_id` FROM `xjy_role_user` WHERE  `user_id` = 10 LIMIT 1 [ RunTime:0.000976s ]
[ sql ] [ SQL ] SELECT `role_id` FROM `xjy_role_user` WHERE  `user_id` = 10 LIMIT 1 [ RunTime:0.000977s ]
[ sql ] [ SQL ] SHOW COLUMNS FROM `xjy_order` [ RunTime:0.008789s ]
[ sql ] [ SQL ] SELECT COUNT(*) AS tp_count FROM `xjy_order` `a` INNER JOIN `xjy_rest` `b` ON `a`.`table_id`=`b`.`id` INNER JOIN `xjy_food_menu` `c` ON `c`.`id`=`b`.`menu_id` WHERE  `a`.`seller_id` = 10  AND `a`.`delete_time` = 0  AND `a`.`order_class` <> 3 LIMIT 1 [ RunTime:0.000977s ]
[ sql ] [ SQL ] SELECT `a`.`order_id`,`a`.`order_time`,`a`.`order_price`,`a`.`pay`,`a`.`food_type`,`c`.`name`,`tb_id` FROM `xjy_order` `a` INNER JOIN `xjy_rest` `b` ON `a`.`table_id`=`b`.`id` INNER JOIN `xjy_food_menu` `c` ON `c`.`id`=`b`.`menu_id` WHERE  `a`.`seller_id` = 10  AND `a`.`delete_time` = 0  AND `a`.`order_class` <> 3 ORDER BY `pay` LIMIT 0,10 [ RunTime:0.000977s ]
---------------------------------------------------------------
[ 2018-05-07T11:45:06+08:00 ] 122.114.61.97 222.211.182.233 GET /admin/kitchen/index.html
[ sql ] [ DB ] CONNECT:[ UseTime:0.012696s ] mysql:dbname=xjyapplet;host=127.0.0.1;port=3306;charset=utf8
[ sql ] [ SQL ] SHOW COLUMNS FROM `xjy_hook_plugin` [ RunTime:0.002929s ]
[ sql ] [ SQL ] SELECT `hook`,`plugin` FROM `xjy_hook_plugin` WHERE  `status` = 1 ORDER BY list_order ASC [ RunTime:0.010742s ]
[ sql ] [ SQL ] SHOW COLUMNS FROM `xjy_role_user` [ RunTime:0.007813s ]
[ sql ] [ SQL ] SELECT `role_id` FROM `xjy_role_user` WHERE  `user_id` = 10 LIMIT 1 [ RunTime:0.000977s ]
[ sql ] [ SQL ] SELECT `role_id` FROM `xjy_role_user` WHERE  `user_id` = 10 LIMIT 1 [ RunTime:0.000000s ]
[ sql ] [ SQL ] SHOW COLUMNS FROM `xjy_order` [ RunTime:0.011719s ]
[ sql ] [ SQL ] SELECT COUNT(*) AS tp_count FROM `xjy_order` `a` INNER JOIN `xjy_rest` `b` ON `a`.`table_id`=`b`.`id` INNER JOIN `xjy_food_menu` `c` ON `c`.`id`=`b`.`menu_id` WHERE  `a`.`seller_id` = 10  AND `a`.`delete_time` = 0  AND `a`.`order_class` <> 3 LIMIT 1 [ RunTime:0.008789s ]
[ sql ] [ SQL ] SELECT `a`.`order_id`,`a`.`order_time`,`c`.`name`,`tb_id`,`a`.`food_type` FROM `xjy_order` `a` INNER JOIN `xjy_rest` `b` ON `a`.`table_id`=`b`.`id` INNER JOIN `xjy_food_menu` `c` ON `c`.`id`=`b`.`menu_id` WHERE  `a`.`seller_id` = 10  AND `a`.`delete_time` = 0  AND `a`.`order_class` <> 3 ORDER BY `food_type` LIMIT 0,10 [ RunTime:0.001953s ]
---------------------------------------------------------------
[ 2018-05-07T11:45:07+08:00 ] 122.114.61.97 222.211.182.233 GET /admin/marketplace/index.html
[ sql ] [ DB ] CONNECT:[ UseTime:0.011719s ] mysql:dbname=xjyapplet;host=127.0.0.1;port=3306;charset=utf8
[ sql ] [ SQL ] SHOW COLUMNS FROM `xjy_hook_plugin` [ RunTime:0.010743s ]
[ sql ] [ SQL ] SELECT `hook`,`plugin` FROM `xjy_hook_plugin` WHERE  `status` = 1 ORDER BY list_order ASC [ RunTime:0.000976s ]
[ sql ] [ SQL ] SHOW COLUMNS FROM `xjy_role_user` [ RunTime:0.007813s ]
[ sql ] [ SQL ] SELECT `role_id` FROM `xjy_role_user` WHERE  `user_id` = 10 LIMIT 1 [ RunTime:0.000977s ]
---------------------------------------------------------------
[ 2018-05-07T12:51:19+08:00 ] 122.114.61.97 118.112.123.232 GET /favicon.ico
[ sql ] [ DB ] CONNECT:[ UseTime:0.003906s ] mysql:dbname=xjyapplet;host=127.0.0.1;port=3306;charset=utf8
[ sql ] [ SQL ] SHOW COLUMNS FROM `xjy_hook_plugin` [ RunTime:0.090821s ]
[ sql ] [ SQL ] SELECT `hook`,`plugin` FROM `xjy_hook_plugin` WHERE  `status` = 1 ORDER BY list_order ASC [ RunTime:0.000977s ]
---------------------------------------------------------------
[ 2018-05-07T12:51:37+08:00 ] 122.114.61.97 118.112.123.232 GET /favicon.ico
[ sql ] [ DB ] CONNECT:[ UseTime:0.012695s ] mysql:dbname=xjyapplet;host=127.0.0.1;port=3306;charset=utf8
[ sql ] [ SQL ] SHOW COLUMNS FROM `xjy_hook_plugin` [ RunTime:0.008789s ]
[ sql ] [ SQL ] SELECT `hook`,`plugin` FROM `xjy_hook_plugin` WHERE  `status` = 1 ORDER BY list_order ASC [ RunTime:0.001953s ]
---------------------------------------------------------------
[ 2018-05-07T12:51:56+08:00 ] 122.114.61.97 118.112.123.232 GET /favicon.ico
[ sql ] [ DB ] CONNECT:[ UseTime:0.001953s ] mysql:dbname=xjyapplet;host=127.0.0.1;port=3306;charset=utf8
[ sql ] [ SQL ] SHOW COLUMNS FROM `xjy_hook_plugin` [ RunTime:0.009765s ]
[ sql ] [ SQL ] SELECT `hook`,`plugin` FROM `xjy_hook_plugin` WHERE  `status` = 1 ORDER BY list_order ASC [ RunTime:0.000977s ]
---------------------------------------------------------------
[ 2018-05-07T12:52:11+08:00 ] 122.114.61.97 118.112.123.232 GET /favicon.ico
[ sql ] [ DB ] CONNECT:[ UseTime:0.012696s ] mysql:dbname=xjyapplet;host=127.0.0.1;port=3306;charset=utf8
[ sql ] [ SQL ] SHOW COLUMNS FROM `xjy_hook_plugin` [ RunTime:0.212891s ]
[ sql ] [ SQL ] SELECT `hook`,`plugin` FROM `xjy_hook_plugin` WHERE  `status` = 1 ORDER BY list_order ASC [ RunTime:0.000977s ]
---------------------------------------------------------------
[ 2018-05-07T14:26:24+08:00 ] 122.114.61.97 118.112.123.232 GET /favicon.ico
[ sql ] [ DB ] CONNECT:[ UseTime:0.012695s ] mysql:dbname=xjyapplet;host=127.0.0.1;port=3306;charset=utf8
[ sql ] [ SQL ] SHOW COLUMNS FROM `xjy_hook_plugin` [ RunTime:0.008789s ]
[ sql ] [ SQL ] SELECT `hook`,`plugin` FROM `xjy_hook_plugin` WHERE  `status` = 1 ORDER BY list_order ASC [ RunTime:0.000977s ]
---------------------------------------------------------------
[ 2018-05-07T14:42:46+08:00 ] 122.114.61.97 118.112.123.232 GET /favicon.ico
[ sql ] [ DB ] CONNECT:[ UseTime:0.014649s ] mysql:dbname=xjyapplet;host=127.0.0.1;port=3306;charset=utf8
[ sql ] [ SQL ] SHOW COLUMNS FROM `xjy_hook_plugin` [ RunTime:0.020508s ]
[ sql ] [ SQL ] SELECT `hook`,`plugin` FROM `xjy_hook_plugin` WHERE  `status` = 1 ORDER BY list_order ASC [ RunTime:0.000976s ]
---------------------------------------------------------------
[ 2018-05-07T14:42:57+08:00 ] 122.114.61.97 118.112.123.232 GET /favicon.ico
[ sql ] [ DB ] CONNECT:[ UseTime:0.012695s ] mysql:dbname=xjyapplet;host=127.0.0.1;port=3306;charset=utf8
[ sql ] [ SQL ] SHOW COLUMNS FROM `xjy_hook_plugin` [ RunTime:0.024414s ]
[ sql ] [ SQL ] SELECT `hook`,`plugin` FROM `xjy_hook_plugin` WHERE  `status` = 1 ORDER BY list_order ASC [ RunTime:0.000976s ]
---------------------------------------------------------------
[ 2018-05-07T14:43:22+08:00 ] 122.114.61.97 118.112.123.232 GET /favicon.ico
[ sql ] [ DB ] CONNECT:[ UseTime:0.010742s ] mysql:dbname=xjyapplet;host=127.0.0.1;port=3306;charset=utf8
[ sql ] [ SQL ] SHOW COLUMNS FROM `xjy_hook_plugin` [ RunTime:0.000977s ]
[ sql ] [ SQL ] SELECT `hook`,`plugin` FROM `xjy_hook_plugin` WHERE  `status` = 1 ORDER BY list_order ASC [ RunTime:0.000976s ]
---------------------------------------------------------------
[ 2018-05-07T17:08:53+08:00 ] 122.114.61.97 118.112.123.232 GET /favicon.ico
[ sql ] [ DB ] CONNECT:[ UseTime:0.011718s ] mysql:dbname=xjyapplet;host=127.0.0.1;port=3306;charset=utf8
[ sql ] [ SQL ] SHOW COLUMNS FROM `xjy_hook_plugin` [ RunTime:0.015625s ]
[ sql ] [ SQL ] SELECT `hook`,`plugin` FROM `xjy_hook_plugin` WHERE  `status` = 1 ORDER BY list_order ASC [ RunTime:0.000976s ]
---------------------------------------------------------------
[ 2018-05-07T17:09:02+08:00 ] 122.114.61.97 118.112.123.232 GET /favicon.ico
[ sql ] [ DB ] CONNECT:[ UseTime:0.011719s ] mysql:dbname=xjyapplet;host=127.0.0.1;port=3306;charset=utf8
[ sql ] [ SQL ] SHOW COLUMNS FROM `xjy_hook_plugin` [ RunTime:0.010742s ]
[ sql ] [ SQL ] SELECT `hook`,`plugin` FROM `xjy_hook_plugin` WHERE  `status` = 1 ORDER BY list_order ASC [ RunTime:0.000977s ]
